Started GET "/" for ::1 at 2020-02-25 10:59:15 -0500
  
ActiveRecord::PendingMigrationError (

Migrations are pending. To resolve this issue, run:

        bin/rails db:migrate RAILS_ENV=development

):
  
activerecord (5.2.4.1) lib/active_record/migration.rb:579:in `check_pending!'
activerecord (5.2.4.1) lib/active_record/migration.rb:556:in `call'
actionpack (5.2.4.1) lib/action_dispatch/middleware/callbacks.rb:28:in `block in call'
activesupport (5.2.4.1) lib/active_support/callbacks.rb:98:in `run_callbacks'
actionpack (5.2.4.1) lib/action_dispatch/middleware/callbacks.rb:26:in `call'
actionpack (5.2.4.1) lib/action_dispatch/middleware/executor.rb:14:in `call'
actionpack (5.2.4.1) lib/action_dispatch/middleware/debug_exceptions.rb:61:in `call'
web-console (3.7.0) lib/web_console/middleware.rb:135:in `call_app'
web-console (3.7.0) lib/web_console/middleware.rb:30:in `block in call'
web-console (3.7.0) lib/web_console/middleware.rb:20:in `catch'
web-console (3.7.0) lib/web_console/middleware.rb:20:in `call'
actionpack (5.2.4.1) lib/action_dispatch/middleware/show_exceptions.rb:33:in `call'
railties (5.2.4.1) lib/rails/rack/logger.rb:38:in `call_app'
railties (5.2.4.1) lib/rails/rack/logger.rb:26:in `block in call'
activesupport (5.2.4.1) lib/active_support/tagged_logging.rb:71:in `block in tagged'
activesupport (5.2.4.1) lib/active_support/tagged_logging.rb:28:in `tagged'
activesupport (5.2.4.1) lib/active_support/tagged_logging.rb:71:in `tagged'
railties (5.2.4.1) lib/rails/rack/logger.rb:26:in `call'
sprockets-rails (3.2.1) lib/sprockets/rails/quiet_assets.rb:13:in `call'
actionpack (5.2.4.1) lib/action_dispatch/middleware/remote_ip.rb:81:in `call'
actionpack (5.2.4.1) lib/action_dispatch/middleware/request_id.rb:27:in `call'
rack (2.2.2) lib/rack/method_override.rb:24:in `call'
rack (2.2.2) lib/rack/runtime.rb:22:in `call'
activesupport (5.2.4.1) lib/active_support/cache/strategy/local_cache_middleware.rb:29:in `call'
actionpack (5.2.4.1) lib/action_dispatch/middleware/executor.rb:14:in `call'
actionpack (5.2.4.1) lib/action_dispatch/middleware/static.rb:127:in `call'
rack (2.2.2) lib/rack/sendfile.rb:110:in `call'
railties (5.2.4.1) lib/rails/engine.rb:524:in `call'
puma (3.12.2) lib/puma/configuration.rb:227:in `call'
puma (3.12.2) lib/puma/server.rb:674:in `handle_request'
puma (3.12.2) lib/puma/server.rb:476:in `process_client'
puma (3.12.2) lib/puma/server.rb:334:in `block in run'
puma (3.12.2) lib/puma/thread_pool.rb:135:in `block in spawn_thread'
  [1m[35m (0.1ms)[0m  [1m[34mSELECT sqlite_version(*)[0m
  ↳ bin/rails:9
  [1m[35m (1.3ms)[0m  [1m[35mCREATE TABLE "schema_migrations" ("version" varchar NOT NULL PRIMARY KEY)[0m
  ↳ bin/rails:9
  [1m[35m (1.0ms)[0m  [1m[35mCREATE TABLE "ar_internal_metadata" ("key" varchar NOT NULL PRIMARY KEY, "value" varchar, "created_at" datetime NOT NULL, "updated_at" datetime NOT NULL)[0m
  ↳ bin/rails:9
  [1m[35m (0.1ms)[0m  [1m[34mSELECT "schema_migrations"."version" FROM "schema_migrations" ORDER BY "schema_migrations"."version" ASC[0m
  ↳ bin/rails:9
Migrating to CreateVehicles (20200224144315)
  [1m[35m (0.0ms)[0m  [1m[36mbegin transaction[0m
  ↳ bin/rails:9
  [1m[35m (0.5ms)[0m  [1m[35mCREATE TABLE "vehicles" ("id" integer PRIMARY KEY AUTOINCREMENT NOT NULL, "make" varchar, "model" varchar, "color" varchar, "created_at" datetime NOT NULL, "updated_at" datetime NOT NULL)[0m
  ↳ db/migrate/20200224144315_create_vehicles.rb:3
  [1m[36mActiveRecord::SchemaMigration Create (0.1ms)[0m  [1m[32mINSERT INTO "schema_migrations" ("version") VALUES (?)[0m  [["version", "20200224144315"]]
  ↳ bin/rails:9
  [1m[35m (1.2ms)[0m  [1m[36mcommit transaction[0m
  ↳ bin/rails:9
  [1m[36mActiveRecord::InternalMetadata Load (0.1ms)[0m  [1m[34mSELECT  "ar_internal_metadata".* FROM "ar_internal_metadata" WHERE "ar_internal_metadata"."key" = ? LIMIT ?[0m  [["key", "environment"], ["LIMIT", 1]]
  ↳ bin/rails:9
  [1m[35m (0.1ms)[0m  [1m[36mbegin transaction[0m
  ↳ bin/rails:9
  [1m[36mActiveRecord::InternalMetadata Create (0.3ms)[0m  [1m[32mINSERT INTO "ar_internal_metadata" ("key", "value", "created_at", "updated_at") VALUES (?, ?, ?, ?)[0m  [["key", "environment"], ["value", "development"], ["created_at", "2020-02-25 15:59:28.178339"], ["updated_at", "2020-02-25 15:59:28.178339"]]
  ↳ bin/rails:9
  [1m[35m (0.7ms)[0m  [1m[36mcommit transaction[0m
  ↳ bin/rails:9
  [1m[35m (0.1ms)[0m  [1m[34mSELECT "schema_migrations"."version" FROM "schema_migrations" ORDER BY "schema_migrations"."version" ASC[0m
  ↳ bin/rails:9
  [1m[35m (0.0ms)[0m  [1m[36mbegin transaction[0m
  [1m[36mVehicle Create (0.4ms)[0m  [1m[32mINSERT INTO "vehicles" ("make", "model", "color", "created_at", "updated_at") VALUES (?, ?, ?, ?, ?)[0m  [["make", "Audi"], ["model", "A8"], ["color", "Silver"], ["created_at", "2020-02-25 16:00:10.017582"], ["updated_at", "2020-02-25 16:00:10.017582"]]
  [1m[35m (1.1ms)[0m  [1m[36mcommit transaction[0m
  [1m[35m (0.2ms)[0m  [1m[36mbegin transaction[0m
  [1m[36mVehicle Create (0.6ms)[0m  [1m[32mINSERT INTO "vehicles" ("make", "model", "color", "created_at", "updated_at") VALUES (?, ?, ?, ?, ?)[0m  [["make", "Aston Martin"], ["model", "DBSS"], ["color", "Puce"], ["created_at", "2020-02-25 16:00:39.658211"], ["updated_at", "2020-02-25 16:00:39.658211"]]
  [1m[35m (2.3ms)[0m  [1m[36mcommit transaction[0m
  [1m[36mVehicle Load (0.4ms)[0m  [1m[34mSELECT  "vehicles".* FROM "vehicles" LIMIT ?[0m  [["LIMIT", 11]]
Started GET "/" for ::1 at 2020-02-25 11:00:56 -0500
  [1m[35m (0.1ms)[0m  [1m[34mSELECT "schema_migrations"."version" FROM "schema_migrations" ORDER BY "schema_migrations"."version" ASC[0m
  ↳ /Users/graham.troyer-joy/.rbenv/versions/2.6.1/lib/ruby/gems/2.6.0/gems/activerecord-5.2.4.1/lib/active_record/log_subscriber.rb:98
Processing by Rails::WelcomeController#index as HTML
  Rendering /Users/graham.troyer-joy/.rbenv/versions/2.6.1/lib/ruby/gems/2.6.0/gems/railties-5.2.4.1/lib/rails/templates/rails/welcome/index.html.erb
  Rendered /Users/graham.troyer-joy/.rbenv/versions/2.6.1/lib/ruby/gems/2.6.0/gems/railties-5.2.4.1/lib/rails/templates/rails/welcome/index.html.erb (3.6ms)
Completed 200 OK in 20ms (Views: 12.4ms | ActiveRecord: 0.0ms)


Started GET "/" for ::1 at 2020-02-25 11:01:03 -0500
Processing by Rails::WelcomeController#index as HTML
  Rendering /Users/graham.troyer-joy/.rbenv/versions/2.6.1/lib/ruby/gems/2.6.0/gems/railties-5.2.4.1/lib/rails/templates/rails/welcome/index.html.erb
  Rendered /Users/graham.troyer-joy/.rbenv/versions/2.6.1/lib/ruby/gems/2.6.0/gems/railties-5.2.4.1/lib/rails/templates/rails/welcome/index.html.erb (1.8ms)
Completed 200 OK in 4ms (Views: 2.8ms | ActiveRecord: 0.0ms)


Started GET "/vehicles/1/edit" for ::1 at 2020-02-25 11:01:08 -0500
Processing by VehiclesController#edit as HTML
  Parameters: {"id"=>"1"}
  [1m[36mVehicle Load (0.1ms)[0m  [1m[34mSELECT  "vehicles".* FROM "vehicles" WHERE "vehicles"."id" = ? LIMIT ?[0m  [["id", 1], ["LIMIT", 1]]
  ↳ app/controllers/vehicles_controller.rb:4
  Rendering vehicles/edit.html.erb within layouts/application
  Rendered vehicles/edit.html.erb within layouts/application (36.7ms)
Completed 500 Internal Server Error in 1169ms (ActiveRecord: 0.8ms)


  
ActionView::Template::Error (dyld: Library not loaded: /usr/local/opt/icu4c/lib/libicui18n.62.dylib
  Referenced from: /usr/local/bin/node
  Reason: image not found
):
     5:     <%= csrf_meta_tags %>
     6:     <%= csp_meta_tag %>
     7: 
     8:     <%= stylesheet_link_tag    'application', media: 'all', 'data-turbolinks-track': 'reload' %>
     9:     <%= javascript_include_tag 'application', 'data-turbolinks-track': 'reload' %>
    10:   </head>
    11: 
  
(execjs):1
app/views/layouts/application.html.erb:8:in `_app_views_layouts_application_html_erb___4160953152565011205_70282499308160'
Started GET "/vehicles/1/edit" for ::1 at 2020-02-25 11:01:24 -0500
Processing by VehiclesController#edit as HTML
  Parameters: {"id"=>"1"}
  [1m[36mVehicle Load (0.2ms)[0m  [1m[34mSELECT  "vehicles".* FROM "vehicles" WHERE "vehicles"."id" = ? LIMIT ?[0m  [["id", 1], ["LIMIT", 1]]
  ↳ app/controllers/vehicles_controller.rb:4
  Rendering vehicles/edit.html.erb within layouts/application
  Rendered vehicles/edit.html.erb within layouts/application (2.8ms)
Completed 500 Internal Server Error in 31ms (ActiveRecord: 0.2ms)


  
ActionView::Template::Error (dyld: Library not loaded: /usr/local/opt/icu4c/lib/libicui18n.62.dylib
  Referenced from: /usr/local/bin/node
  Reason: image not found
):
     5:     <%= csrf_meta_tags %>
     6:     <%= csp_meta_tag %>
     7: 
     8:     <%= stylesheet_link_tag    'application', media: 'all', 'data-turbolinks-track': 'reload' %>
     9:     <%= javascript_include_tag 'application', 'data-turbolinks-track': 'reload' %>
    10:   </head>
    11: 
  
(execjs):1
app/views/layouts/application.html.erb:8:in `_app_views_layouts_application_html_erb___4160953152565011205_70282535427560'
Started GET "/vehicles/1/edit" for ::1 at 2020-02-25 11:01:52 -0500
  [1m[35m (0.1ms)[0m  [1m[34mSELECT "schema_migrations"."version" FROM "schema_migrations" ORDER BY "schema_migrations"."version" ASC[0m
  ↳ /Users/graham.troyer-joy/.rbenv/versions/2.6.1/lib/ruby/gems/2.6.0/gems/activerecord-5.2.4.1/lib/active_record/log_subscriber.rb:98
Processing by VehiclesController#edit as HTML
  Parameters: {"id"=>"1"}
  [1m[36mVehicle Load (0.2ms)[0m  [1m[34mSELECT  "vehicles".* FROM "vehicles" WHERE "vehicles"."id" = ? LIMIT ?[0m  [["id", 1], ["LIMIT", 1]]
  ↳ app/controllers/vehicles_controller.rb:4
  Rendering vehicles/edit.html.erb within layouts/application
  Rendered vehicles/edit.html.erb within layouts/application (23.5ms)
Completed 200 OK in 969ms (Views: 942.0ms | ActiveRecord: 0.7ms)


Started GET "/vehicles/2/edit" for ::1 at 2020-02-25 11:02:23 -0500
Processing by VehiclesController#edit as HTML
  Parameters: {"id"=>"2"}
  [1m[36mVehicle Load (0.2ms)[0m  [1m[34mSELECT  "vehicles".* FROM "vehicles" WHERE "vehicles"."id" = ? LIMIT ?[0m  [["id", 2], ["LIMIT", 1]]
  ↳ app/controllers/vehicles_controller.rb:4
  Rendering vehicles/edit.html.erb within layouts/application
  Rendered vehicles/edit.html.erb within layouts/application (4.6ms)
Completed 200 OK in 21ms (Views: 18.2ms | ActiveRecord: 0.2ms)


Started PATCH "/vehicles/2" for ::1 at 2020-02-25 11:03:01 -0500
Processing by VehiclesController#update as HTML
  Parameters: {"utf8"=>"✓", "authenticity_token"=>"mMFyXISbCRihb+fxSzOHLsRreJkGymvlNmJQPOvtPM89co+o9sZChG2YfXRP5RV3jIwttVLR8OnmsF2Sm2p+9Q==", "vehicle"=>{"make"=>"Aston Martin", "model"=>"DBSS", "color"=>"Slate Gray"}, "commit"=>"Update Vehicle", "id"=>"2"}
  [1m[36mVehicle Load (0.2ms)[0m  [1m[34mSELECT  "vehicles".* FROM "vehicles" WHERE (2) LIMIT ?[0m  [["LIMIT", 1]]
  ↳ (byebug):1
  [1m[36mVehicle Load (0.2ms)[0m  [1m[34mSELECT  "vehicles".* FROM "vehicles" WHERE "vehicles"."id" = ? LIMIT ?[0m  [["id", 2], ["LIMIT", 1]]
  ↳ (byebug):1
  [1m[36mCACHE Vehicle Load (0.0ms)[0m  [1m[34mSELECT  "vehicles".* FROM "vehicles" WHERE "vehicles"."id" = ? LIMIT ?[0m  [["id", 2], ["LIMIT", 1]]
  ↳ (byebug):1
  [1m[36mVehicle Load (0.2ms)[0m  [1m[34mSELECT  "vehicles".* FROM "vehicles" WHERE "vehicles"."id" = ? LIMIT ?[0m  [["id", 2], ["LIMIT", 1]]
  ↳ (byebug):1
  [1m[36mCACHE Vehicle Load (0.0ms)[0m  [1m[34mSELECT  "vehicles".* FROM "vehicles" WHERE "vehicles"."id" = ? LIMIT ?[0m  [["id", 2], ["LIMIT", 1]]
  ↳ (byebug):1
  [1m[36mCACHE Vehicle Load (0.0ms)[0m  [1m[34mSELECT  "vehicles".* FROM "vehicles" WHERE (2) LIMIT ?[0m  [["LIMIT", 1]]
  ↳ (byebug):1
  [1m[36mVehicle Load (1.0ms)[0m  [1m[34mSELECT  "vehicles".* FROM "vehicles" WHERE (dfsjkhdafsjkhfdsajhk) LIMIT ?[0m  [["LIMIT", 1]]
  ↳ (byebug):1
  [1m[36mVehicle Load (0.2ms)[0m  [1m[34mSELECT  "vehicles".* FROM "vehicles" WHERE (true) LIMIT ?[0m  [["LIMIT", 1]]
  ↳ (byebug):1
  [1m[36mVehicle Load (0.2ms)[0m  [1m[34mSELECT  "vehicles".* FROM "vehicles" WHERE (id = 2) LIMIT ?[0m  [["LIMIT", 1]]
  ↳ (byebug):1
  [1m[36mCACHE Vehicle Load (0.0ms)[0m  [1m[34mSELECT  "vehicles".* FROM "vehicles" WHERE "vehicles"."id" = ? LIMIT ?[0m  [["id", 2], ["LIMIT", 1]]
  ↳ (byebug):1
  [1m[35m (0.1ms)[0m  [1m[36mbegin transaction[0m
  ↳ (byebug):1
  [1m[35m (0.0ms)[0m  [1m[31mrollback transaction[0m
  ↳ (byebug):1
Unpermitted parameters: :make, :model
Unpermitted parameters: :make, :model
  [1m[35m (0.1ms)[0m  [1m[36mbegin transaction[0m
  ↳ (byebug):1
  [1m[36mVehicle Update (0.6ms)[0m  [1m[33mUPDATE "vehicles" SET "color" = ?, "updated_at" = ? WHERE "vehicles"."id" = ?[0m  [["color", "Slate Gray"], ["updated_at", "2020-02-25 16:30:43.926282"], ["id", 2]]
  ↳ (byebug):1
  [1m[35m (2.2ms)[0m  [1m[36mcommit transaction[0m
  ↳ (byebug):1
Unpermitted parameters: :make, :model
Unpermitted parameters: :make, :model
  [1m[35m (0.1ms)[0m  [1m[36mbegin transaction[0m
  ↳ (byebug):1
  [1m[35m (0.1ms)[0m  [1m[36mcommit transaction[0m
  ↳ (byebug):1
Completed 500 Internal Server Error in 1842248ms (ActiveRecord: 5.1ms)


  
SystemExit (exit):
  
Started GET "/vehicles/2/edit" for ::1 at 2020-02-25 11:33:44 -0500
(byebug):1:in `exit'
(byebug):1:in `update'
app/controllers/vehicles_controller.rb:9:in `update'
Processing by VehiclesController#edit as HTML
  Parameters: {"id"=>"2"}
  [1m[36mVehicle Load (1.0ms)[0m  [1m[34mSELECT  "vehicles".* FROM "vehicles" WHERE "vehicles"."id" = ? LIMIT ?[0m  [["id", 2], ["LIMIT", 1]]
  ↳ app/controllers/vehicles_controller.rb:4
  Rendering vehicles/edit.html.erb within layouts/application
  Rendered vehicles/edit.html.erb within layouts/application (59.9ms)
Completed 200 OK in 1493ms (Views: 825.4ms | ActiveRecord: 1.0ms)


Started PATCH "/vehicles/2" for ::1 at 2020-02-25 11:34:12 -0500
Processing by VehiclesController#update as HTML
  Parameters: {"utf8"=>"✓", "authenticity_token"=>"vAU7Vb3eTYnOLxWXIW3VMCKmtkzjORcStVKMv0MMZDUZtsahz4MGFQLYjxIlu0dpakHjYLcijB5lgIERM4smDw==", "vehicle"=>{"make"=>"Aston Martin", "model"=>"DBSS", "color"=>"Black Carbon"}, "commit"=>"Update Vehicle", "id"=>"2"}
  [1m[36mVehicle Load (1.9ms)[0m  [1m[34mSELECT  "vehicles".* FROM "vehicles" WHERE "vehicles"."id" = ? LIMIT ?[0m  [["id", 2], ["LIMIT", 1]]
  ↳ app/controllers/vehicles_controller.rb:8
  [1m[35m (0.6ms)[0m  [1m[36mbegin transaction[0m
  ↳ app/controllers/vehicles_controller.rb:9
  [1m[36mVehicle Update (1.4ms)[0m  [1m[33mUPDATE "vehicles" SET "color" = ?, "updated_at" = ? WHERE "vehicles"."id" = ?[0m  [["color", "Black Carbon"], ["updated_at", "2020-02-25 16:34:13.755167"], ["id", 2]]
  ↳ app/controllers/vehicles_controller.rb:9
  [1m[35m (3.1ms)[0m  [1m[36mcommit transaction[0m
  ↳ app/controllers/vehicles_controller.rb:9
Redirected to http://localhost:3000/vehicles/2
Completed 302 Found in 213ms (ActiveRecord: 13.7ms)


Started GET "/vehicles/2" for ::1 at 2020-02-25 11:34:13 -0500
  
ActionController::RoutingError (No route matches [GET] "/vehicles/2"):
  
actionpack (5.2.4.1) lib/action_dispatch/middleware/debug_exceptions.rb:65:in `call'
web-console (3.7.0) lib/web_console/middleware.rb:135:in `call_app'
web-console (3.7.0) lib/web_console/middleware.rb:30:in `block in call'
web-console (3.7.0) lib/web_console/middleware.rb:20:in `catch'
web-console (3.7.0) lib/web_console/middleware.rb:20:in `call'
actionpack (5.2.4.1) lib/action_dispatch/middleware/show_exceptions.rb:33:in `call'
railties (5.2.4.1) lib/rails/rack/logger.rb:38:in `call_app'
railties (5.2.4.1) lib/rails/rack/logger.rb:26:in `block in call'
activesupport (5.2.4.1) lib/active_support/tagged_logging.rb:71:in `block in tagged'
activesupport (5.2.4.1) lib/active_support/tagged_logging.rb:28:in `tagged'
activesupport (5.2.4.1) lib/active_support/tagged_logging.rb:71:in `tagged'
railties (5.2.4.1) lib/rails/rack/logger.rb:26:in `call'
sprockets-rails (3.2.1) lib/sprockets/rails/quiet_assets.rb:13:in `call'
actionpack (5.2.4.1) lib/action_dispatch/middleware/remote_ip.rb:81:in `call'
actionpack (5.2.4.1) lib/action_dispatch/middleware/request_id.rb:27:in `call'
rack (2.2.2) lib/rack/method_override.rb:24:in `call'
rack (2.2.2) lib/rack/runtime.rb:22:in `call'
activesupport (5.2.4.1) lib/active_support/cache/strategy/local_cache_middleware.rb:29:in `call'
actionpack (5.2.4.1) lib/action_dispatch/middleware/executor.rb:14:in `call'
actionpack (5.2.4.1) lib/action_dispatch/middleware/static.rb:127:in `call'
rack (2.2.2) lib/rack/sendfile.rb:110:in `call'
railties (5.2.4.1) lib/rails/engine.rb:524:in `call'
puma (3.12.2) lib/puma/configuration.rb:227:in `call'
puma (3.12.2) lib/puma/server.rb:674:in `handle_request'
puma (3.12.2) lib/puma/server.rb:476:in `process_client'
puma (3.12.2) lib/puma/server.rb:334:in `block in run'
puma (3.12.2) lib/puma/thread_pool.rb:135:in `block in spawn_thread'
Started GET "/vehicles/2" for ::1 at 2020-02-25 11:35:12 -0500
Processing by VehiclesController#show as HTML
  Parameters: {"id"=>"2"}
  [1m[36mVehicle Load (1.8ms)[0m  [1m[34mSELECT  "vehicles".* FROM "vehicles" WHERE "vehicles"."id" = ? LIMIT ?[0m  [["id", 2], ["LIMIT", 1]]
  ↳ app/controllers/vehicles_controller.rb:4
  Rendering vehicles/show.html.erb within layouts/application
  Rendered vehicles/show.html.erb within layouts/application (2.5ms)
Completed 200 OK in 497ms (Views: 340.4ms | ActiveRecord: 18.4ms)


Started GET "/vehicles/2/edit" for ::1 at 2020-02-25 11:35:28 -0500
Processing by VehiclesController#edit as HTML
  Parameters: {"id"=>"2"}
  [1m[36mVehicle Load (1.2ms)[0m  [1m[34mSELECT  "vehicles".* FROM "vehicles" WHERE "vehicles"."id" = ? LIMIT ?[0m  [["id", 2], ["LIMIT", 1]]
  ↳ app/controllers/vehicles_controller.rb:8
  Rendering vehicles/edit.html.erb within layouts/application
  Rendered vehicles/edit.html.erb within layouts/application (75.7ms)
Completed 200 OK in 439ms (Views: 412.6ms | ActiveRecord: 1.2ms)


Started PATCH "/vehicles/2" for ::1 at 2020-02-25 11:35:35 -0500
Processing by VehiclesController#update as HTML
  Parameters: {"utf8"=>"✓", "authenticity_token"=>"cQ+HMd9hklBr1Z91ohiKJMM/a2wIUKvGz/Gry47f/PjUvHrFrTzZzKciBfCmzhh9i9g+QFxLMMofI6Zl/li+wg==", "vehicle"=>{"make"=>"Aston Martin", "model"=>"DBSS", "color"=>"Slate Gray"}, "commit"=>"Update Vehicle", "id"=>"2"}
  [1m[36mVehicle Load (1.5ms)[0m  [1m[34mSELECT  "vehicles".* FROM "vehicles" WHERE "vehicles"."id" = ? LIMIT ?[0m  [["id", 2], ["LIMIT", 1]]
  ↳ app/controllers/vehicles_controller.rb:12
  [1m[35m (1.9ms)[0m  [1m[36mbegin transaction[0m
  ↳ app/controllers/vehicles_controller.rb:13
  [1m[36mVehicle Update (1.3ms)[0m  [1m[33mUPDATE "vehicles" SET "color" = ?, "updated_at" = ? WHERE "vehicles"."id" = ?[0m  [["color", "Slate Gray"], ["updated_at", "2020-02-25 16:35:35.967763"], ["id", 2]]
  ↳ app/controllers/vehicles_controller.rb:13
  [1m[35m (2.6ms)[0m  [1m[36mcommit transaction[0m
  ↳ app/controllers/vehicles_controller.rb:13
Redirected to http://localhost:3000/vehicles/2
Completed 302 Found in 90ms (ActiveRecord: 7.3ms)


Started GET "/vehicles/2" for ::1 at 2020-02-25 11:35:36 -0500
Processing by VehiclesController#show as HTML
  Parameters: {"id"=>"2"}
  [1m[36mVehicle Load (0.9ms)[0m  [1m[34mSELECT  "vehicles".* FROM "vehicles" WHERE "vehicles"."id" = ? LIMIT ?[0m  [["id", 2], ["LIMIT", 1]]
  ↳ app/controllers/vehicles_controller.rb:4
  Rendering vehicles/show.html.erb within layouts/application
  Rendered vehicles/show.html.erb within layouts/application (2.3ms)
Completed 200 OK in 427ms (Views: 394.4ms | ActiveRecord: 0.9ms)


Started GET "/vehiclesdfhjdfshjkg" for ::1 at 2020-02-25 11:36:28 -0500
  
ActionController::RoutingError (No route matches [GET] "/vehiclesdfhjdfshjkg"):
  
actionpack (5.2.4.1) lib/action_dispatch/middleware/debug_exceptions.rb:65:in `call'
web-console (3.7.0) lib/web_console/middleware.rb:135:in `call_app'
web-console (3.7.0) lib/web_console/middleware.rb:30:in `block in call'
web-console (3.7.0) lib/web_console/middleware.rb:20:in `catch'
web-console (3.7.0) lib/web_console/middleware.rb:20:in `call'
actionpack (5.2.4.1) lib/action_dispatch/middleware/show_exceptions.rb:33:in `call'
railties (5.2.4.1) lib/rails/rack/logger.rb:38:in `call_app'
railties (5.2.4.1) lib/rails/rack/logger.rb:26:in `block in call'
activesupport (5.2.4.1) lib/active_support/tagged_logging.rb:71:in `block in tagged'
activesupport (5.2.4.1) lib/active_support/tagged_logging.rb:28:in `tagged'
activesupport (5.2.4.1) lib/active_support/tagged_logging.rb:71:in `tagged'
railties (5.2.4.1) lib/rails/rack/logger.rb:26:in `call'
sprockets-rails (3.2.1) lib/sprockets/rails/quiet_assets.rb:13:in `call'
actionpack (5.2.4.1) lib/action_dispatch/middleware/remote_ip.rb:81:in `call'
actionpack (5.2.4.1) lib/action_dispatch/middleware/request_id.rb:27:in `call'
rack (2.2.2) lib/rack/method_override.rb:24:in `call'
rack (2.2.2) lib/rack/runtime.rb:22:in `call'
activesupport (5.2.4.1) lib/active_support/cache/strategy/local_cache_middleware.rb:29:in `call'
actionpack (5.2.4.1) lib/action_dispatch/middleware/executor.rb:14:in `call'
actionpack (5.2.4.1) lib/action_dispatch/middleware/static.rb:127:in `call'
rack (2.2.2) lib/rack/sendfile.rb:110:in `call'
railties (5.2.4.1) lib/rails/engine.rb:524:in `call'
puma (3.12.2) lib/puma/configuration.rb:227:in `call'
puma (3.12.2) lib/puma/server.rb:674:in `handle_request'
puma (3.12.2) lib/puma/server.rb:476:in `process_client'
puma (3.12.2) lib/puma/server.rb:334:in `block in run'
puma (3.12.2) lib/puma/thread_pool.rb:135:in `block in spawn_thread'
Started GET "/vehicles/2/edit" for ::1 at 2020-02-25 11:36:53 -0500
Processing by VehiclesController#edit as HTML
  Parameters: {"id"=>"2"}
  [1m[36mVehicle Load (1.2ms)[0m  [1m[34mSELECT  "vehicles".* FROM "vehicles" WHERE "vehicles"."id" = ? LIMIT ?[0m  [["id", 2], ["LIMIT", 1]]
  ↳ app/controllers/vehicles_controller.rb:8
  Rendering vehicles/edit.html.erb within layouts/application
  Rendered vehicles/edit.html.erb within layouts/application (83.2ms)
Completed 200 OK in 438ms (Views: 403.0ms | ActiveRecord: 1.2ms)


Started PATCH "/vehicles/2" for ::1 at 2020-02-25 11:37:19 -0500
Processing by VehiclesController#update as HTML
  Parameters: {"utf8"=>"✓", "authenticity_token"=>"HEJXQG5CIXxjKzvS232EgQ0CMJfNbJfasOrlJiEsr2258aq0HB9q4K/coVffqxbYReVlu5l3DNZgOOiIUavtVw==", "vehicle"=>{"make"=>"Aston Martin", "model"=>"DBSS", "color"=>"Carbon Black"}, "commit"=>"Update Vehicle", "id"=>"2"}
  [1m[36mVehicle Load (1.1ms)[0m  [1m[34mSELECT  "vehicles".* FROM "vehicles" WHERE "vehicles"."id" = ? LIMIT ?[0m  [["id", 2], ["LIMIT", 1]]
  ↳ app/controllers/vehicles_controller.rb:12
  [1m[35m (0.5ms)[0m  [1m[36mbegin transaction[0m
  ↳ app/controllers/vehicles_controller.rb:13
  [1m[36mVehicle Update (8.9ms)[0m  [1m[33mUPDATE "vehicles" SET "color" = ?, "updated_at" = ? WHERE "vehicles"."id" = ?[0m  [["color", "Carbon Black"], ["updated_at", "2020-02-25 16:37:19.363486"], ["id", 2]]
  ↳ app/controllers/vehicles_controller.rb:13
  [1m[35m (2.5ms)[0m  [1m[36mcommit transaction[0m
  ↳ app/controllers/vehicles_controller.rb:13
Redirected to http://localhost:3000/vehicles/2
Completed 302 Found in 89ms (ActiveRecord: 13.0ms)


Started GET "/vehicles/2" for ::1 at 2020-02-25 11:37:19 -0500
Processing by VehiclesController#show as HTML
  Parameters: {"id"=>"2"}
  [1m[36mVehicle Load (0.8ms)[0m  [1m[34mSELECT  "vehicles".* FROM "vehicles" WHERE "vehicles"."id" = ? LIMIT ?[0m  [["id", 2], ["LIMIT", 1]]
  ↳ app/controllers/vehicles_controller.rb:4
  Rendering vehicles/show.html.erb within layouts/application
  Rendered vehicles/show.html.erb within layouts/application (3.6ms)
Completed 200 OK in 467ms (Views: 409.8ms | ActiveRecord: 0.8ms)


Started GET "/vehicles/2/edit" for ::1 at 2020-02-25 11:40:23 -0500
Processing by VehiclesController#edit as HTML
  Parameters: {"id"=>"2"}
  [1m[36mVehicle Load (1.5ms)[0m  [1m[34mSELECT  "vehicles".* FROM "vehicles" WHERE "vehicles"."id" = ? LIMIT ?[0m  [["id", 2], ["LIMIT", 1]]
  ↳ app/controllers/vehicles_controller.rb:8
  Rendering vehicles/edit.html.erb within layouts/application
  Rendered vehicles/edit.html.erb within layouts/application (84.6ms)
Completed 200 OK in 596ms (Views: 446.4ms | ActiveRecord: 7.7ms)


Started PATCH "/vehicles/2" for ::1 at 2020-02-25 11:40:32 -0500
Processing by VehiclesController#update as HTML
  Parameters: {"utf8"=>"✓", "authenticity_token"=>"tLhnkBldmhdnZEEbOc+t6oPTdypux4GICAX8bEvJrYkRC5pkawDRi6uT2549GT+zyzQiBjrcGoTY1/HCO07vsw==", "vehicle"=>{"make"=>"Aston Martin", "model"=>"DBSS", "color"=>"Poop brown"}, "commit"=>"Update Vehicle", "id"=>"2"}
  [1m[36mVehicle Load (0.9ms)[0m  [1m[34mSELECT  "vehicles".* FROM "vehicles" WHERE "vehicles"."id" = ? LIMIT ?[0m  [["id", 2], ["LIMIT", 1]]
  ↳ app/controllers/vehicles_controller.rb:12
  [1m[35m (0.4ms)[0m  [1m[36mbegin transaction[0m
  ↳ app/controllers/vehicles_controller.rb:13
  [1m[36mVehicle Update (1.2ms)[0m  [1m[33mUPDATE "vehicles" SET "color" = ?, "updated_at" = ? WHERE "vehicles"."id" = ?[0m  [["color", "Poop brown"], ["updated_at", "2020-02-25 16:40:32.752463"], ["id", 2]]
  ↳ app/controllers/vehicles_controller.rb:13
  [1m[35m (2.9ms)[0m  [1m[36mcommit transaction[0m
  ↳ app/controllers/vehicles_controller.rb:13
Redirected to http://localhost:3000/vehicles/2
Completed 302 Found in 94ms (ActiveRecord: 5.4ms)


Started GET "/vehicles/2" for ::1 at 2020-02-25 11:40:32 -0500
Processing by VehiclesController#show as HTML
  Parameters: {"id"=>"2"}
  [1m[36mVehicle Load (1.8ms)[0m  [1m[34mSELECT  "vehicles".* FROM "vehicles" WHERE "vehicles"."id" = ? LIMIT ?[0m  [["id", 2], ["LIMIT", 1]]
  ↳ app/controllers/vehicles_controller.rb:4
  Rendering vehicles/show.html.erb within layouts/application
  Rendered vehicles/show.html.erb within layouts/application (2.3ms)
Completed 200 OK in 391ms (Views: 362.9ms | ActiveRecord: 1.8ms)


Started PATCH "/vehicles/2" for ::1 at 2020-02-25 11:40:40 -0500
Processing by VehiclesController#update as HTML
  Parameters: {"utf8"=>"✓", "authenticity_token"=>"tLhnkBldmhdnZEEbOc+t6oPTdypux4GICAX8bEvJrYkRC5pkawDRi6uT2549GT+zyzQiBjrcGoTY1/HCO07vsw==", "vehicle"=>{"make"=>"Aston Martin", "model"=>"DBSS", "color"=>"Slate Gray"}, "commit"=>"Update Vehicle", "id"=>"2"}
  [1m[36mVehicle Load (0.9ms)[0m  [1m[34mSELECT  "vehicles".* FROM "vehicles" WHERE "vehicles"."id" = ? LIMIT ?[0m  [["id", 2], ["LIMIT", 1]]
  ↳ app/controllers/vehicles_controller.rb:12
  [1m[35m (0.5ms)[0m  [1m[36mbegin transaction[0m
  ↳ app/controllers/vehicles_controller.rb:13
  [1m[36mVehicle Update (1.3ms)[0m  [1m[33mUPDATE "vehicles" SET "color" = ?, "updated_at" = ? WHERE "vehicles"."id" = ?[0m  [["color", "Slate Gray"], ["updated_at", "2020-02-25 16:40:40.888599"], ["id", 2]]
  ↳ app/controllers/vehicles_controller.rb:13
  [1m[35m (2.9ms)[0m  [1m[36mcommit transaction[0m
  ↳ app/controllers/vehicles_controller.rb:13
Redirected to http://localhost:3000/vehicles/2
Completed 302 Found in 110ms (ActiveRecord: 5.6ms)


Started GET "/vehicles/2" for ::1 at 2020-02-25 11:40:40 -0500
Processing by VehiclesController#show as HTML
  Parameters: {"id"=>"2"}
  [1m[36mVehicle Load (0.9ms)[0m  [1m[34mSELECT  "vehicles".* FROM "vehicles" WHERE "vehicles"."id" = ? LIMIT ?[0m  [["id", 2], ["LIMIT", 1]]
  ↳ app/controllers/vehicles_controller.rb:4
  Rendering vehicles/show.html.erb within layouts/application
  Rendered vehicles/show.html.erb within layouts/application (2.8ms)
Completed 200 OK in 415ms (Views: 373.7ms | ActiveRecord: 0.9ms)


Started GET "/vehicles/2" for ::1 at 2020-02-25 11:41:29 -0500
Processing by VehiclesController#show as HTML
  Parameters: {"id"=>"2"}
  [1m[36mVehicle Load (1.8ms)[0m  [1m[34mSELECT  "vehicles".* FROM "vehicles" WHERE "vehicles"."id" = ? LIMIT ?[0m  [["id", 2], ["LIMIT", 1]]
  ↳ app/controllers/vehicles_controller.rb:7
  Rendering vehicles/show.html.erb within layouts/application
  Rendered vehicles/show.html.erb within layouts/application (8.9ms)
Completed 200 OK in 546ms (Views: 367.4ms | ActiveRecord: 17.1ms)


Started GET "/vehicles/2/edit" for ::1 at 2020-02-25 11:41:32 -0500
Processing by VehiclesController#edit as HTML
  Parameters: {"id"=>"2"}
  [1m[36mVehicle Load (1.2ms)[0m  [1m[34mSELECT  "vehicles".* FROM "vehicles" WHERE "vehicles"."id" = ? LIMIT ?[0m  [["id", 2], ["LIMIT", 1]]
  ↳ app/controllers/vehicles_controller.rb:11
  Rendering vehicles/edit.html.erb within layouts/application
  Rendered vehicles/edit.html.erb within layouts/application (99.7ms)
Completed 200 OK in 465ms (Views: 428.3ms | ActiveRecord: 1.2ms)


Started GET "/vehicles/new" for ::1 at 2020-02-25 11:42:37 -0500
Processing by VehiclesController#new as HTML
Completed 406 Not Acceptable in 54ms (ActiveRecord: 0.0ms)


  
ActionController::UnknownFormat (VehiclesController#new is missing a template for this request format and variant.

request.formats: ["text/html"]
request.variant: []

NOTE! For XHR/Ajax or API requests, this action would normally respond with 204 No Content: an empty white screen. Since you're loading it in a web browser, we assume that you expected to actually render a template, not nothing, so we're showing an error to be extra-clear. If you expect 204 No Content, carry on. That's what you'll get from an XHR or API request. Give it a shot.):
  
actionpack (5.2.4.1) lib/action_controller/metal/implicit_render.rb:55:in `default_render'
actionpack (5.2.4.1) lib/action_controller/metal/basic_implicit_render.rb:6:in `block in send_action'
actionpack (5.2.4.1) lib/action_controller/metal/basic_implicit_render.rb:6:in `tap'
actionpack (5.2.4.1) lib/action_controller/metal/basic_implicit_render.rb:6:in `send_action'
actionpack (5.2.4.1) lib/abstract_controller/base.rb:194:in `process_action'
actionpack (5.2.4.1) lib/action_controller/metal/rendering.rb:30:in `process_action'
actionpack (5.2.4.1) lib/abstract_controller/callbacks.rb:42:in `block in process_action'
activesupport (5.2.4.1) lib/active_support/callbacks.rb:132:in `run_callbacks'
actionpack (5.2.4.1) lib/abstract_controller/callbacks.rb:41:in `process_action'
actionpack (5.2.4.1) lib/action_controller/metal/rescue.rb:22:in `process_action'
actionpack (5.2.4.1) lib/action_controller/metal/instrumentation.rb:34:in `block in process_action'
activesupport (5.2.4.1) lib/active_support/notifications.rb:168:in `block in instrument'
activesupport (5.2.4.1) lib/active_support/notifications/instrumenter.rb:23:in `instrument'
activesupport (5.2.4.1) lib/active_support/notifications.rb:168:in `instrument'
actionpack (5.2.4.1) lib/action_controller/metal/instrumentation.rb:32:in `process_action'
actionpack (5.2.4.1) lib/action_controller/metal/params_wrapper.rb:256:in `process_action'
activerecord (5.2.4.1) lib/active_record/railties/controller_runtime.rb:24:in `process_action'
actionpack (5.2.4.1) lib/abstract_controller/base.rb:134:in `process'
actionview (5.2.4.1) lib/action_view/rendering.rb:32:in `process'
actionpack (5.2.4.1) lib/action_controller/metal.rb:191:in `dispatch'
actionpack (5.2.4.1) lib/action_controller/metal.rb:252:in `dispatch'
actionpack (5.2.4.1) lib/action_dispatch/routing/route_set.rb:52:in `dispatch'
actionpack (5.2.4.1) lib/action_dispatch/routing/route_set.rb:34:in `serve'
actionpack (5.2.4.1) lib/action_dispatch/journey/router.rb:52:in `block in serve'
actionpack (5.2.4.1) lib/action_dispatch/journey/router.rb:35:in `each'
actionpack (5.2.4.1) lib/action_dispatch/journey/router.rb:35:in `serve'
actionpack (5.2.4.1) lib/action_dispatch/routing/route_set.rb:840:in `call'
rack (2.2.2) lib/rack/tempfile_reaper.rb:15:in `call'
rack (2.2.2) lib/rack/etag.rb:27:in `call'
rack (2.2.2) lib/rack/conditional_get.rb:27:in `call'
rack (2.2.2) lib/rack/head.rb:12:in `call'
actionpack (5.2.4.1) lib/action_dispatch/http/content_security_policy.rb:18:in `call'
rack (2.2.2) lib/rack/session/abstract/id.rb:266:in `context'
rack (2.2.2) lib/rack/session/abstract/id.rb:260:in `call'
actionpack (5.2.4.1) lib/action_dispatch/middleware/cookies.rb:670:in `call'
activerecord (5.2.4.1) lib/active_record/migration.rb:559:in `call'
actionpack (5.2.4.1) lib/action_dispatch/middleware/callbacks.rb:28:in `block in call'
activesupport (5.2.4.1) lib/active_support/callbacks.rb:98:in `run_callbacks'
actionpack (5.2.4.1) lib/action_dispatch/middleware/callbacks.rb:26:in `call'
actionpack (5.2.4.1) lib/action_dispatch/middleware/executor.rb:14:in `call'
actionpack (5.2.4.1) lib/action_dispatch/middleware/debug_exceptions.rb:61:in `call'
web-console (3.7.0) lib/web_console/middleware.rb:135:in `call_app'
web-console (3.7.0) lib/web_console/middleware.rb:30:in `block in call'
web-console (3.7.0) lib/web_console/middleware.rb:20:in `catch'
web-console (3.7.0) lib/web_console/middleware.rb:20:in `call'
actionpack (5.2.4.1) lib/action_dispatch/middleware/show_exceptions.rb:33:in `call'
railties (5.2.4.1) lib/rails/rack/logger.rb:38:in `call_app'
railties (5.2.4.1) lib/rails/rack/logger.rb:26:in `block in call'
activesupport (5.2.4.1) lib/active_support/tagged_logging.rb:71:in `block in tagged'
activesupport (5.2.4.1) lib/active_support/tagged_logging.rb:28:in `tagged'
activesupport (5.2.4.1) lib/active_support/tagged_logging.rb:71:in `tagged'
railties (5.2.4.1) lib/rails/rack/logger.rb:26:in `call'
sprockets-rails (3.2.1) lib/sprockets/rails/quiet_assets.rb:13:in `call'
actionpack (5.2.4.1) lib/action_dispatch/middleware/remote_ip.rb:81:in `call'
actionpack (5.2.4.1) lib/action_dispatch/middleware/request_id.rb:27:in `call'
rack (2.2.2) lib/rack/method_override.rb:24:in `call'
rack (2.2.2) lib/rack/runtime.rb:22:in `call'
activesupport (5.2.4.1) lib/active_support/cache/strategy/local_cache_middleware.rb:29:in `call'
actionpack (5.2.4.1) lib/action_dispatch/middleware/executor.rb:14:in `call'
actionpack (5.2.4.1) lib/action_dispatch/middleware/static.rb:127:in `call'
rack (2.2.2) lib/rack/sendfile.rb:110:in `call'
railties (5.2.4.1) lib/rails/engine.rb:524:in `call'
puma (3.12.2) lib/puma/configuration.rb:227:in `call'
puma (3.12.2) lib/puma/server.rb:674:in `handle_request'
puma (3.12.2) lib/puma/server.rb:476:in `process_client'
puma (3.12.2) lib/puma/server.rb:334:in `block in run'
puma (3.12.2) lib/puma/thread_pool.rb:135:in `block in spawn_thread'
Started GET "/vehicles/new" for ::1 at 2020-02-25 11:42:47 -0500
Processing by VehiclesController#new as HTML
  Rendering vehicles/new.html.erb within layouts/application
  Rendered vehicles/new.html.erb within layouts/application (5.8ms)
Completed 500 Internal Server Error in 43ms (ActiveRecord: 0.0ms)


  
ActionView::Template::Error (First argument in form cannot contain nil or be empty):
    2:     New Vehicle
    3: </h1>
    4: 
    5: <%= form_for @vehicle do |f| %>
    6:     <ul>
    7:         <li>
    8:             <%= f.label :make %>
  
app/views/vehicles/new.html.erb:5:in `_app_views_vehicles_new_html_erb__1869942042493262295_70231869901120'
Started GET "/vehicles/new" for ::1 at 2020-02-25 11:43:20 -0500
Processing by VehiclesController#new as HTML
  Rendering vehicles/new.html.erb within layouts/application
  Rendered vehicles/new.html.erb within layouts/application (62.5ms)
Completed 200 OK in 568ms (Views: 424.6ms | ActiveRecord: 16.2ms)


Started POST "/vehicles" for ::1 at 2020-02-25 11:43:39 -0500
Processing by VehiclesController#create as HTML
  Parameters: {"utf8"=>"✓", "authenticity_token"=>"IyIucOySPNzNGeczLSaK+3PdPZnNeKnrAVEIi0U02hSGkdOEns93QAHufbYp8BiiOzpotZljMufRgwUlNbOYLg==", "vehicle"=>{"make"=>"Hyundai", "model"=>"Elantra", "color"=>"2020"}, "commit"=>"Create Vehicle"}
  [1m[35m (1.1ms)[0m  [1m[36mbegin transaction[0m
  ↳ app/controllers/vehicles_controller.rb:8
  [1m[36mVehicle Create (1.2ms)[0m  [1m[32mINSERT INTO "vehicles" ("created_at", "updated_at") VALUES (?, ?)[0m  [["created_at", "2020-02-25 16:43:39.205693"], ["updated_at", "2020-02-25 16:43:39.205693"]]
  ↳ app/controllers/vehicles_controller.rb:8
  [1m[35m (2.7ms)[0m  [1m[36mcommit transaction[0m
  ↳ app/controllers/vehicles_controller.rb:8
Redirected to http://localhost:3000/vehicles/3
Completed 302 Found in 69ms (ActiveRecord: 5.0ms)


Started GET "/vehicles/3" for ::1 at 2020-02-25 11:43:39 -0500
Processing by VehiclesController#show as HTML
  Parameters: {"id"=>"3"}
  [1m[36mVehicle Load (8.5ms)[0m  [1m[34mSELECT  "vehicles".* FROM "vehicles" WHERE "vehicles"."id" = ? LIMIT ?[0m  [["id", 3], ["LIMIT", 1]]
  ↳ app/controllers/vehicles_controller.rb:13
  Rendering vehicles/show.html.erb within layouts/application
  Rendered vehicles/show.html.erb within layouts/application (10.5ms)
Completed 200 OK in 500ms (Views: 443.6ms | ActiveRecord: 8.5ms)


Started GET "/vehicles/3/edit" for ::1 at 2020-02-25 11:43:51 -0500
Processing by VehiclesController#edit as HTML
  Parameters: {"id"=>"3"}
  [1m[36mVehicle Load (0.8ms)[0m  [1m[34mSELECT  "vehicles".* FROM "vehicles" WHERE "vehicles"."id" = ? LIMIT ?[0m  [["id", 3], ["LIMIT", 1]]
  ↳ app/controllers/vehicles_controller.rb:17
  Rendering vehicles/edit.html.erb within layouts/application
  Rendered vehicles/edit.html.erb within layouts/application (66.7ms)
Completed 200 OK in 476ms (Views: 445.1ms | ActiveRecord: 0.8ms)


Started GET "/vehicles/new" for ::1 at 2020-02-25 11:44:02 -0500
Processing by VehiclesController#new as HTML
  Rendering vehicles/new.html.erb within layouts/application
  Rendered vehicles/new.html.erb within layouts/application (74.0ms)
Completed 200 OK in 549ms (Views: 531.0ms | ActiveRecord: 0.0ms)


Started POST "/vehicles" for ::1 at 2020-02-25 11:45:22 -0500
Processing by VehiclesController#create as HTML
  Parameters: {"utf8"=>"✓", "authenticity_token"=>"dl1WYr6lwvW0FeutxPFnlpPaqRYVRXR99AZ2mT4atzfT7quWzPiJaXjicSjAJ/XP2z38OkFe73Ek1Hs3Tp31DQ==", "vehicle"=>{"make"=>"sdfjkh", "model"=>"dfsjkhsfdjk", "color"=>"sgfjkhfsdjkh"}, "commit"=>"Create Vehicle"}
  [1m[35m (1.3ms)[0m  [1m[36mbegin transaction[0m
  ↳ app/controllers/vehicles_controller.rb:8
  [1m[36mVehicle Create (2.4ms)[0m  [1m[32mINSERT INTO "vehicles" ("make", "model", "color", "created_at", "updated_at") VALUES (?, ?, ?, ?, ?)[0m  [["make", "sdfjkh"], ["model", "dfsjkhsfdjk"], ["color", "sgfjkhfsdjkh"], ["created_at", "2020-02-25 16:45:23.418505"], ["updated_at", "2020-02-25 16:45:23.418505"]]
  ↳ app/controllers/vehicles_controller.rb:8
  [1m[35m (3.1ms)[0m  [1m[36mcommit transaction[0m
  ↳ app/controllers/vehicles_controller.rb:8
Redirected to http://localhost:3000/vehicles/4
Completed 302 Found in 220ms (ActiveRecord: 13.8ms)


Started GET "/vehicles/4" for ::1 at 2020-02-25 11:45:23 -0500
Processing by VehiclesController#show as HTML
  Parameters: {"id"=>"4"}
  [1m[36mVehicle Load (1.2ms)[0m  [1m[34mSELECT  "vehicles".* FROM "vehicles" WHERE "vehicles"."id" = ? LIMIT ?[0m  [["id", 4], ["LIMIT", 1]]
  ↳ app/controllers/vehicles_controller.rb:13
  Rendering vehicles/show.html.erb within layouts/application
  Rendered vehicles/show.html.erb within layouts/application (12.2ms)
Completed 200 OK in 462ms (Views: 419.9ms | ActiveRecord: 1.2ms)


Started GET "/vehicles/4" for ::1 at 2020-02-25 11:47:29 -0500
Processing by VehiclesController#show as HTML
  Parameters: {"id"=>"4"}
  [1m[36mVehicle Load (1.4ms)[0m  [1m[34mSELECT  "vehicles".* FROM "vehicles" WHERE "vehicles"."id" = ? LIMIT ?[0m  [["id", 4], ["LIMIT", 1]]
  ↳ app/controllers/vehicles_controller.rb:29
  Rendering vehicles/show.html.erb within layouts/application
  Rendered vehicles/show.html.erb within layouts/application (4.1ms)
Completed 200 OK in 576ms (Views: 419.2ms | ActiveRecord: 15.9ms)


Started GET "/vehicles/4" for ::1 at 2020-02-25 11:49:34 -0500
Processing by VehiclesController#show as HTML
  Parameters: {"id"=>"4"}
  [1m[36mVehicle Load (1.1ms)[0m  [1m[34mSELECT  "vehicles".* FROM "vehicles" WHERE "vehicles"."id" = ? LIMIT ?[0m  [["id", 4], ["LIMIT", 1]]
  ↳ app/controllers/vehicles_controller.rb:28
  Rendering vehicles/show.html.erb within layouts/application
  Rendered vehicles/show.html.erb within layouts/application (10.7ms)
Completed 200 OK in 510ms (Views: 337.6ms | ActiveRecord: 8.9ms)


Started GET "/vehicles/4/edit" for ::1 at 2020-02-25 11:50:38 -0500
Processing by VehiclesController#edit as HTML
  Parameters: {"id"=>"4"}
  [1m[36mVehicle Load (0.8ms)[0m  [1m[34mSELECT  "vehicles".* FROM "vehicles" WHERE "vehicles"."id" = ? LIMIT ?[0m  [["id", 4], ["LIMIT", 1]]
  ↳ app/controllers/vehicles_controller.rb:28
  Rendering vehicles/edit.html.erb within layouts/application
  Rendered vehicles/edit.html.erb within layouts/application (90.8ms)
Completed 200 OK in 522ms (Views: 497.1ms | ActiveRecord: 0.8ms)


Started PATCH "/vehicles/4" for ::1 at 2020-02-25 11:50:45 -0500
Processing by VehiclesController#update as HTML
  Parameters: {"utf8"=>"✓", "authenticity_token"=>"y26RsxuKQfUy1H4D2l536cUKBV/xNtmz5SoMXYnar75ByfUJY3lNGjE1TE7giHM+ZuLfcnZcWW+f7inTeLXY5Q==", "vehicle"=>{"make"=>"Nice", "model"=>"Car", "color"=>"Blue"}, "commit"=>"Update Vehicle", "id"=>"4"}
  [1m[36mVehicle Load (0.8ms)[0m  [1m[34mSELECT  "vehicles".* FROM "vehicles" WHERE "vehicles"."id" = ? LIMIT ?[0m  [["id", 4], ["LIMIT", 1]]
  ↳ app/controllers/vehicles_controller.rb:28
  [1m[35m (0.7ms)[0m  [1m[36mbegin transaction[0m
  ↳ app/controllers/vehicles_controller.rb:21
  [1m[36mVehicle Update (1.1ms)[0m  [1m[33mUPDATE "vehicles" SET "color" = ?, "make" = ?, "model" = ?, "updated_at" = ? WHERE "vehicles"."id" = ?[0m  [["color", "Blue"], ["make", "Nice"], ["model", "Car"], ["updated_at", "2020-02-25 16:50:45.613103"], ["id", 4]]
  ↳ app/controllers/vehicles_controller.rb:21
  [1m[35m (3.1ms)[0m  [1m[36mcommit transaction[0m
  ↳ app/controllers/vehicles_controller.rb:21
Redirected to http://localhost:3000/vehicles/4
Completed 302 Found in 93ms (ActiveRecord: 5.8ms)


Started GET "/vehicles/4" for ::1 at 2020-02-25 11:50:45 -0500
Processing by VehiclesController#show as HTML
  Parameters: {"id"=>"4"}
  [1m[36mVehicle Load (1.2ms)[0m  [1m[34mSELECT  "vehicles".* FROM "vehicles" WHERE "vehicles"."id" = ? LIMIT ?[0m  [["id", 4], ["LIMIT", 1]]
  ↳ app/controllers/vehicles_controller.rb:28
  Rendering vehicles/show.html.erb within layouts/application
  Rendered vehicles/show.html.erb within layouts/application (12.4ms)
Completed 200 OK in 406ms (Views: 374.6ms | ActiveRecord: 1.2ms)


Started GET "/vehicles/4" for ::1 at 2020-02-25 11:52:06 -0500
Processing by VehiclesController#show as HTML
  Parameters: {"id"=>"4"}
  [1m[36mVehicle Load (1.5ms)[0m  [1m[34mSELECT  "vehicles".* FROM "vehicles" WHERE "vehicles"."id" = ? LIMIT ?[0m  [["id", 4], ["LIMIT", 1]]
  ↳ app/controllers/vehicles_controller.rb:28
  Rendering vehicles/show.html.erb within layouts/application
  Rendered vehicles/show.html.erb within layouts/application (13.0ms)
Completed 200 OK in 607ms (Views: 423.9ms | ActiveRecord: 10.2ms)


Started GET "/vehicles" for ::1 at 2020-02-25 11:56:42 -0500
  
ActionController::RoutingError (No route matches [GET] "/vehicles"):
  
actionpack (5.2.4.1) lib/action_dispatch/middleware/debug_exceptions.rb:65:in `call'
web-console (3.7.0) lib/web_console/middleware.rb:135:in `call_app'
web-console (3.7.0) lib/web_console/middleware.rb:30:in `block in call'
web-console (3.7.0) lib/web_console/middleware.rb:20:in `catch'
web-console (3.7.0) lib/web_console/middleware.rb:20:in `call'
actionpack (5.2.4.1) lib/action_dispatch/middleware/show_exceptions.rb:33:in `call'
railties (5.2.4.1) lib/rails/rack/logger.rb:38:in `call_app'
railties (5.2.4.1) lib/rails/rack/logger.rb:26:in `block in call'
activesupport (5.2.4.1) lib/active_support/tagged_logging.rb:71:in `block in tagged'
activesupport (5.2.4.1) lib/active_support/tagged_logging.rb:28:in `tagged'
activesupport (5.2.4.1) lib/active_support/tagged_logging.rb:71:in `tagged'
railties (5.2.4.1) lib/rails/rack/logger.rb:26:in `call'
sprockets-rails (3.2.1) lib/sprockets/rails/quiet_assets.rb:13:in `call'
actionpack (5.2.4.1) lib/action_dispatch/middleware/remote_ip.rb:81:in `call'
actionpack (5.2.4.1) lib/action_dispatch/middleware/request_id.rb:27:in `call'
rack (2.2.2) lib/rack/method_override.rb:24:in `call'
rack (2.2.2) lib/rack/runtime.rb:22:in `call'
activesupport (5.2.4.1) lib/active_support/cache/strategy/local_cache_middleware.rb:29:in `call'
actionpack (5.2.4.1) lib/action_dispatch/middleware/executor.rb:14:in `call'
actionpack (5.2.4.1) lib/action_dispatch/middleware/static.rb:127:in `call'
rack (2.2.2) lib/rack/sendfile.rb:110:in `call'
railties (5.2.4.1) lib/rails/engine.rb:524:in `call'
puma (3.12.2) lib/puma/configuration.rb:227:in `call'
puma (3.12.2) lib/puma/server.rb:674:in `handle_request'
puma (3.12.2) lib/puma/server.rb:476:in `process_client'
puma (3.12.2) lib/puma/server.rb:334:in `block in run'
puma (3.12.2) lib/puma/thread_pool.rb:135:in `block in spawn_thread'
Started GET "/vehicles" for ::1 at 2020-02-25 11:56:59 -0500
Processing by VehiclesController#index as HTML
  Rendering vehicles/index.html.erb within layouts/application
  [1m[36mVehicle Load (1.4ms)[0m  [1m[34mSELECT "vehicles".* FROM "vehicles"[0m
  ↳ app/views/vehicles/index.html.erb:6
  Rendered vehicles/index.html.erb within layouts/application (143.3ms)
Completed 200 OK in 672ms (Views: 579.9ms | ActiveRecord: 16.7ms)


Started GET "/vehicles" for ::1 at 2020-02-25 11:57:30 -0500
Processing by VehiclesController#index as HTML
  Rendering vehicles/index.html.erb within layouts/application
  [1m[36mVehicle Load (1.2ms)[0m  [1m[34mSELECT "vehicles".* FROM "vehicles"[0m
  ↳ app/views/vehicles/index.html.erb:6
  Rendered vehicles/index.html.erb within layouts/application (30.6ms)
Completed 200 OK in 487ms (Views: 455.2ms | ActiveRecord: 1.2ms)


Started GET "/vehicles/new" for ::1 at 2020-02-25 11:59:54 -0500
Processing by VehiclesController#new as HTML
  Rendering vehicles/new.html.erb within layouts/application
  Rendered vehicles/new.html.erb within layouts/application (60.4ms)
Completed 200 OK in 573ms (Views: 424.6ms | ActiveRecord: 11.9ms)


Started POST "/vehicles" for ::1 at 2020-02-25 11:59:58 -0500
Processing by VehiclesController#create as HTML
  Parameters: {"utf8"=>"✓", "authenticity_token"=>"1rkJuLLsi2gQnd+aqOXaQTRfRkcwMP4bNQpAIsCDoy1zCvRMwLHA9NxqRR+sM0gYfLgTa2QrZRfl2E2MsAThFw==", "vehicle"=>{"make"=>"sfdhjk", "model"=>"dsfhjk", "color"=>"sfjkh"}, "commit"=>"Create Vehicle"}
  [1m[35m (0.7ms)[0m  [1m[36mbegin transaction[0m
  ↳ app/controllers/vehicles_controller.rb:17
  [1m[36mVehicle Create (1.5ms)[0m  [1m[32mINSERT INTO "vehicles" ("make", "model", "color", "created_at", "updated_at") VALUES (?, ?, ?, ?, ?)[0m  [["make", "sfdhjk"], ["model", "dsfhjk"], ["color", "sfjkh"], ["created_at", "2020-02-25 16:59:58.285551"], ["updated_at", "2020-02-25 16:59:58.285551"]]
  ↳ app/controllers/vehicles_controller.rb:17
  [1m[35m (3.2ms)[0m  [1m[36mcommit transaction[0m
  ↳ app/controllers/vehicles_controller.rb:17
Redirected to http://localhost:3000/vehicles/5
Completed 302 Found in 86ms (ActiveRecord: 5.4ms)


Started GET "/vehicles/5" for ::1 at 2020-02-25 11:59:58 -0500
Processing by VehiclesController#show as HTML
  Parameters: {"id"=>"5"}
  [1m[36mVehicle Load (1.1ms)[0m  [1m[34mSELECT  "vehicles".* FROM "vehicles" WHERE "vehicles"."id" = ? LIMIT ?[0m  [["id", 5], ["LIMIT", 1]]
  ↳ app/controllers/vehicles_controller.rb:36
  Rendering vehicles/show.html.erb within layouts/application
  Rendered vehicles/show.html.erb within layouts/application (4.3ms)
Completed 200 OK in 483ms (Views: 423.4ms | ActiveRecord: 1.1ms)


Started GET "/vehicles/5/edit" for ::1 at 2020-02-25 12:00:02 -0500
Processing by VehiclesController#edit as HTML
  Parameters: {"id"=>"5"}
  [1m[36mVehicle Load (1.3ms)[0m  [1m[34mSELECT  "vehicles".* FROM "vehicles" WHERE "vehicles"."id" = ? LIMIT ?[0m  [["id", 5], ["LIMIT", 1]]
  ↳ app/controllers/vehicles_controller.rb:36
  Rendering vehicles/edit.html.erb within layouts/application
  Rendered vehicles/edit.html.erb within layouts/application (89.1ms)
Completed 200 OK in 508ms (Views: 481.9ms | ActiveRecord: 1.3ms)


Started PATCH "/vehicles/5" for ::1 at 2020-02-25 12:00:04 -0500
Processing by VehiclesController#update as HTML
  Parameters: {"utf8"=>"✓", "authenticity_token"=>"Y5PGL3qsa15HPe4WJ9aicYNt/WYHWLuRbBXXd2PjSEscDKIv4E0uOItKBn4RaL9+QMJwfMQiP7tLKf5Hx1oNBA==", "vehicle"=>{"make"=>"5", "model"=>"5", "color"=>"5"}, "commit"=>"Update Vehicle", "id"=>"5"}
  [1m[36mVehicle Load (8.9ms)[0m  [1m[34mSELECT  "vehicles".* FROM "vehicles" WHERE "vehicles"."id" = ? LIMIT ?[0m  [["id", 5], ["LIMIT", 1]]
  ↳ app/controllers/vehicles_controller.rb:36
  [1m[35m (0.4ms)[0m  [1m[36mbegin transaction[0m
  ↳ app/controllers/vehicles_controller.rb:25
  [1m[36mVehicle Update (1.2ms)[0m  [1m[33mUPDATE "vehicles" SET "color" = ?, "make" = ?, "model" = ?, "updated_at" = ? WHERE "vehicles"."id" = ?[0m  [["color", "5"], ["make", "5"], ["model", "5"], ["updated_at", "2020-02-25 17:00:04.984634"], ["id", 5]]
  ↳ app/controllers/vehicles_controller.rb:25
  [1m[35m (3.0ms)[0m  [1m[36mcommit transaction[0m
  ↳ app/controllers/vehicles_controller.rb:25
Redirected to http://localhost:3000/vehicles/5
Completed 302 Found in 110ms (ActiveRecord: 13.4ms)


Started GET "/vehicles/5" for ::1 at 2020-02-25 12:00:05 -0500
Processing by VehiclesController#show as HTML
  Parameters: {"id"=>"5"}
  [1m[36mVehicle Load (0.8ms)[0m  [1m[34mSELECT  "vehicles".* FROM "vehicles" WHERE "vehicles"."id" = ? LIMIT ?[0m  [["id", 5], ["LIMIT", 1]]
  ↳ app/controllers/vehicles_controller.rb:36
  Rendering vehicles/show.html.erb within layouts/application
  Rendered vehicles/show.html.erb within layouts/application (5.1ms)
Completed 200 OK in 419ms (Views: 369.8ms | ActiveRecord: 0.8ms)


Started GET "/vehicles/5/edit" for ::1 at 2020-02-25 12:01:51 -0500
Processing by VehiclesController#edit as HTML
  Parameters: {"id"=>"5"}
  [1m[36mVehicle Load (3.8ms)[0m  [1m[34mSELECT  "vehicles".* FROM "vehicles" WHERE "vehicles"."id" = ? LIMIT ?[0m  [["id", 5], ["LIMIT", 1]]
  ↳ app/controllers/vehicles_controller.rb:36
  Rendering vehicles/edit.html.erb within layouts/application
  Rendered vehicles/edit.html.erb within layouts/application (12.6ms)
Completed 500 Internal Server Error in 212ms (ActiveRecord: 9.6ms)


  
ActionView::Template::Error (':form' is not an ActiveModel-compatible object. It must implement :to_partial_path.):
     5:     <%= @vehicle.model %>
     6: </h1>
     7: 
     8: <%= render :form %>
     9: 
    10: <!--
    11: <%= form_tag vehicle_path(@vehicle), method: :patch do %>
  
app/views/vehicles/edit.html.erb:8:in `_app_views_vehicles_edit_html_erb___3386814128928326966_70231866303060'
Started GET "/vehicles/5/edit" for ::1 at 2020-02-25 12:01:52 -0500
Processing by VehiclesController#edit as HTML
  Parameters: {"id"=>"5"}
  [1m[36mVehicle Load (1.1ms)[0m  [1m[34mSELECT  "vehicles".* FROM "vehicles" WHERE "vehicles"."id" = ? LIMIT ?[0m  [["id", 5], ["LIMIT", 1]]
  ↳ app/controllers/vehicles_controller.rb:36
  Rendering vehicles/edit.html.erb within layouts/application
  Rendered vehicles/edit.html.erb within layouts/application (6.7ms)
Completed 500 Internal Server Error in 367ms (ActiveRecord: 1.1ms)


  
ActionView::Template::Error (':form' is not an ActiveModel-compatible object. It must implement :to_partial_path.):
     5:     <%= @vehicle.model %>
     6: </h1>
     7: 
     8: <%= render :form %>
     9: 
    10: <!--
    11: <%= form_tag vehicle_path(@vehicle), method: :patch do %>
  
app/views/vehicles/edit.html.erb:8:in `_app_views_vehicles_edit_html_erb___3386814128928326966_70231865548820'
Started GET "/vehicles/5/edit" for ::1 at 2020-02-25 12:02:22 -0500
Processing by VehiclesController#edit as HTML
  Parameters: {"id"=>"5"}
  [1m[36mVehicle Load (0.8ms)[0m  [1m[34mSELECT  "vehicles".* FROM "vehicles" WHERE "vehicles"."id" = ? LIMIT ?[0m  [["id", 5], ["LIMIT", 1]]
  ↳ app/controllers/vehicles_controller.rb:36
  Rendering vehicles/edit.html.erb within layouts/application
  Rendered vehicles/edit.html.erb within layouts/application (14.2ms)
Completed 500 Internal Server Error in 60ms (ActiveRecord: 0.8ms)


  
ActionView::Template::Error (':form' is not an ActiveModel-compatible object. It must implement :to_partial_path.):
     5:     <%= @vehicle.model %>
     6: </h1>
     7: 
     8: <%= render :form %>
     9: 
    10: <!--
    11: <%= form_tag vehicle_path(@vehicle), method: :patch do %>
  
app/views/vehicles/edit.html.erb:8:in `_app_views_vehicles_edit_html_erb___3386814128928326966_70231871143080'
Started GET "/vehicles/5/edit" for ::1 at 2020-02-25 12:02:31 -0500
Processing by VehiclesController#edit as HTML
  Parameters: {"id"=>"5"}
  [1m[36mVehicle Load (1.1ms)[0m  [1m[34mSELECT  "vehicles".* FROM "vehicles" WHERE "vehicles"."id" = ? LIMIT ?[0m  [["id", 5], ["LIMIT", 1]]
  ↳ app/controllers/vehicles_controller.rb:36
  Rendering vehicles/edit.html.erb within layouts/application
  Rendered vehicles/_form.html.erb (64.4ms)
  Rendered vehicles/edit.html.erb within layouts/application (98.3ms)
Completed 200 OK in 507ms (Views: 474.7ms | ActiveRecord: 1.1ms)


Started GET "/vehicles/new" for ::1 at 2020-02-25 12:02:37 -0500
Processing by VehiclesController#new as HTML
  Rendering vehicles/new.html.erb within layouts/application
  Rendered vehicles/_form.html.erb (61.2ms)
  Rendered vehicles/new.html.erb within layouts/application (68.0ms)
Completed 200 OK in 455ms (Views: 436.7ms | ActiveRecord: 0.0ms)


Started GET "/vehicles/new" for ::1 at 2020-02-25 12:08:50 -0500
Processing by VehiclesController#new as HTML
  Rendering vehicles/new.html.erb within layouts/application
  Rendered vehicles/_form.html.erb (60.6ms)
  Rendered vehicles/new.html.erb within layouts/application (70.0ms)
Completed 200 OK in 487ms (Views: 471.5ms | ActiveRecord: 0.0ms)


Started GET "/vehicles/new" for ::1 at 2020-02-25 12:09:06 -0500
Processing by VehiclesController#new as HTML
  Rendering vehicles/new.html.erb within layouts/application
  Rendered vehicles/_form.html.erb (829.9ms)
  Rendered vehicles/new.html.erb within layouts/application (852.0ms)
Completed 500 Internal Server Error in 889ms (ActiveRecord: 0.0ms)


  
ActionView::Template::Error (undefined method `choice' for #<ActionView::Helpers::FormBuilder:0x00007fc046c551f8>):
    11:         <li>
    12:             <%= f.label :color %>
    13:             <%= f.text_field :color %>
    14:             <%= f.choice :color %>
    15:             <select>
    16:                 
    17:             </select>
  
app/views/vehicles/_form.html.erb:14:in `block in _app_views_vehicles__form_html_erb___379965894027648120_70231899815220'
app/views/vehicles/_form.html.erb:1:in `_app_views_vehicles__form_html_erb___379965894027648120_70231899815220'
app/views/vehicles/new.html.erb:5:in `_app_views_vehicles_new_html_erb__1869942042493262295_70231866505060'
Started GET "/vehicles/new" for ::1 at 2020-02-25 12:09:30 -0500
Processing by VehiclesController#new as HTML
  Rendering vehicles/new.html.erb within layouts/application
  Rendered vehicles/_form.html.erb (801.3ms)
  Rendered vehicles/new.html.erb within layouts/application (807.1ms)
Completed 500 Internal Server Error in 842ms (ActiveRecord: 0.0ms)


  
ActionView::Template::Error (undefined method `choice=' for #<ActionView::Helpers::FormBuilder:0x00007fc042efe070>):
    11:         <li>
    12:             <%= f.label :color %>
    13:             <%= f.text_field :color %>
    14:             <%= f.choice = "potato" %>
    15:             <select>
    16:                 
    17:             </select>
  
app/views/vehicles/_form.html.erb:14:in `block in _app_views_vehicles__form_html_erb___379965894027648120_70231893594360'
app/views/vehicles/_form.html.erb:1:in `_app_views_vehicles__form_html_erb___379965894027648120_70231893594360'
app/views/vehicles/new.html.erb:5:in `_app_views_vehicles_new_html_erb__1869942042493262295_70231893656480'
Started GET "/vehicles/new" for ::1 at 2020-02-25 12:10:01 -0500
Processing by VehiclesController#new as HTML
  Rendering vehicles/new.html.erb within layouts/application
  Rendered vehicles/_form.html.erb (68.7ms)
  Rendered vehicles/new.html.erb within layouts/application (80.8ms)
Completed 200 OK in 593ms (Views: 567.7ms | ActiveRecord: 0.0ms)


Started GET "/vehicles/new" for ::1 at 2020-02-25 12:10:26 -0500
Processing by VehiclesController#new as HTML
  Rendering vehicles/new.html.erb within layouts/application
  Rendered vehicles/_form.html.erb (64.2ms)
  Rendered vehicles/new.html.erb within layouts/application (68.9ms)
Completed 200 OK in 438ms (Views: 422.6ms | ActiveRecord: 0.0ms)


Started GET "/vehicles/new" for ::1 at 2020-02-25 12:11:16 -0500
Processing by VehiclesController#new as HTML
  Rendering vehicles/new.html.erb within layouts/application
  Rendered vehicles/_form.html.erb (62.5ms)
  Rendered vehicles/new.html.erb within layouts/application (71.4ms)
Completed 200 OK in 537ms (Views: 510.9ms | ActiveRecord: 0.0ms)


Started GET "/vehicles/new" for ::1 at 2020-02-25 12:11:24 -0500
Processing by VehiclesController#new as HTML
  Rendering vehicles/new.html.erb within layouts/application
  Rendered vehicles/_form.html.erb (64.8ms)
  Rendered vehicles/new.html.erb within layouts/application (72.9ms)
Completed 200 OK in 546ms (Views: 530.8ms | ActiveRecord: 0.0ms)


Started GET "/vehicles/new" for ::1 at 2020-02-25 12:11:47 -0500
Processing by VehiclesController#new as HTML
  Rendering vehicles/new.html.erb within layouts/application
  Rendered vehicles/_form.html.erb (53.9ms)
  Rendered vehicles/new.html.erb within layouts/application (60.7ms)
Completed 200 OK in 419ms (Views: 400.5ms | ActiveRecord: 0.0ms)


Started GET "/vehicles/new" for ::1 at 2020-02-25 12:12:02 -0500
Processing by VehiclesController#new as HTML
  Rendering vehicles/new.html.erb within layouts/application
  Rendered vehicles/_form.html.erb (54.3ms)
  Rendered vehicles/new.html.erb within layouts/application (68.7ms)
Completed 200 OK in 503ms (Views: 483.2ms | ActiveRecord: 0.0ms)


Started GET "/vehicles/new" for ::1 at 2020-02-25 12:12:52 -0500
Processing by VehiclesController#new as HTML
  Rendering vehicles/new.html.erb within layouts/application
  Rendered vehicles/_form.html.erb (56.0ms)
  Rendered vehicles/new.html.erb within layouts/application (60.6ms)
Completed 200 OK in 462ms (Views: 443.2ms | ActiveRecord: 0.0ms)


Started GET "/vehicles/new" for ::1 at 2020-02-25 12:13:04 -0500
Processing by VehiclesController#new as HTML
  Rendering vehicles/new.html.erb within layouts/application
  Rendered vehicles/_form.html.erb (65.2ms)
  Rendered vehicles/new.html.erb within layouts/application (73.3ms)
Completed 200 OK in 592ms (Views: 572.4ms | ActiveRecord: 0.0ms)


Started GET "/vehicles/new" for ::1 at 2020-02-25 12:13:51 -0500
Processing by VehiclesController#new as HTML
  Rendering vehicles/new.html.erb within layouts/application
  Rendered vehicles/_form.html.erb (64.3ms)
  Rendered vehicles/new.html.erb within layouts/application (79.7ms)
Completed 200 OK in 535ms (Views: 512.9ms | ActiveRecord: 0.0ms)


Started POST "/vehicles" for ::1 at 2020-02-25 12:14:17 -0500
Processing by VehiclesController#create as HTML
  Parameters: {"utf8"=>"✓", "authenticity_token"=>"GhSmLyo599hjtsw1FvDU16wm14FAOXgfznfMdLtPK9G/p1vbWGS8RK9BVrASJkaO5MGCrRQi4xMepcHay8hp6w==", "vehicle"=>{"make"=>"sfghjk", "model"=>"sdfjhk", "color"=>"2"}, "commit"=>"Create Vehicle"}
  [1m[35m (0.9ms)[0m  [1m[36mbegin transaction[0m
  ↳ app/controllers/vehicles_controller.rb:17
  [1m[36mVehicle Create (2.6ms)[0m  [1m[32mINSERT INTO "vehicles" ("make", "model", "color", "created_at", "updated_at") VALUES (?, ?, ?, ?, ?)[0m  [["make", "sfghjk"], ["model", "sdfjhk"], ["color", "2"], ["created_at", "2020-02-25 17:14:17.323144"], ["updated_at", "2020-02-25 17:14:17.323144"]]
  ↳ app/controllers/vehicles_controller.rb:17
  [1m[35m (1.3ms)[0m  [1m[36mcommit transaction[0m
  ↳ app/controllers/vehicles_controller.rb:17
Redirected to http://localhost:3000/vehicles/6
Completed 302 Found in 87ms (ActiveRecord: 4.8ms)


Started GET "/vehicles/6" for ::1 at 2020-02-25 12:14:17 -0500
Processing by VehiclesController#show as HTML
  Parameters: {"id"=>"6"}
  [1m[36mVehicle Load (1.3ms)[0m  [1m[34mSELECT  "vehicles".* FROM "vehicles" WHERE "vehicles"."id" = ? LIMIT ?[0m  [["id", 6], ["LIMIT", 1]]
  ↳ app/controllers/vehicles_controller.rb:36
  Rendering vehicles/show.html.erb within layouts/application
  Rendered vehicles/show.html.erb within layouts/application (11.5ms)
Completed 200 OK in 526ms (Views: 473.5ms | ActiveRecord: 1.3ms)


Started GET "/vehicles/6/edit" for ::1 at 2020-02-25 12:14:20 -0500
Processing by VehiclesController#edit as HTML
  Parameters: {"id"=>"6"}
  [1m[36mVehicle Load (1.1ms)[0m  [1m[34mSELECT  "vehicles".* FROM "vehicles" WHERE "vehicles"."id" = ? LIMIT ?[0m  [["id", 6], ["LIMIT", 1]]
  ↳ app/controllers/vehicles_controller.rb:36
  Rendering vehicles/edit.html.erb within layouts/application
  Rendered vehicles/_form.html.erb (56.3ms)
  Rendered vehicles/edit.html.erb within layouts/application (95.3ms)
Completed 200 OK in 483ms (Views: 456.5ms | ActiveRecord: 1.1ms)


Started PATCH "/vehicles/6" for ::1 at 2020-02-25 12:14:26 -0500
Processing by VehiclesController#update as HTML
  Parameters: {"utf8"=>"✓", "authenticity_token"=>"cyU52QJut+ZWndwi/Kkao8HSm/WtK2bY9fPqEjo2P2IC39eTnMtgNO+SFon4mx4GGu++Xe5uZqvEXEeA8sDr1w==", "vehicle"=>{"make"=>"Honda", "model"=>"Yaris", "color"=>"1"}, "commit"=>"Update Vehicle", "id"=>"6"}
  [1m[36mVehicle Load (1.1ms)[0m  [1m[34mSELECT  "vehicles".* FROM "vehicles" WHERE "vehicles"."id" = ? LIMIT ?[0m  [["id", 6], ["LIMIT", 1]]
  ↳ app/controllers/vehicles_controller.rb:36
  [1m[35m (0.4ms)[0m  [1m[36mbegin transaction[0m
  ↳ app/controllers/vehicles_controller.rb:25
  [1m[36mVehicle Update (1.7ms)[0m  [1m[33mUPDATE "vehicles" SET "color" = ?, "make" = ?, "model" = ?, "updated_at" = ? WHERE "vehicles"."id" = ?[0m  [["color", "1"], ["make", "Honda"], ["model", "Yaris"], ["updated_at", "2020-02-25 17:14:26.505239"], ["id", 6]]
  ↳ app/controllers/vehicles_controller.rb:25
  [1m[35m (3.4ms)[0m  [1m[36mcommit transaction[0m
  ↳ app/controllers/vehicles_controller.rb:25
Redirected to http://localhost:3000/vehicles/6
Completed 302 Found in 113ms (ActiveRecord: 6.6ms)


Started GET "/vehicles/6" for ::1 at 2020-02-25 12:14:26 -0500
Processing by VehiclesController#show as HTML
  Parameters: {"id"=>"6"}
  [1m[36mVehicle Load (0.8ms)[0m  [1m[34mSELECT  "vehicles".* FROM "vehicles" WHERE "vehicles"."id" = ? LIMIT ?[0m  [["id", 6], ["LIMIT", 1]]
  ↳ app/controllers/vehicles_controller.rb:36
  Rendering vehicles/show.html.erb within layouts/application
  Rendered vehicles/show.html.erb within layouts/application (4.0ms)
Completed 200 OK in 375ms (Views: 345.2ms | ActiveRecord: 0.8ms)


Started GET "/vehicles/6" for ::1 at 2020-02-25 12:14:48 -0500
Processing by VehiclesController#show as HTML
  Parameters: {"id"=>"6"}
  [1m[36mVehicle Load (6.9ms)[0m  [1m[34mSELECT  "vehicles".* FROM "vehicles" WHERE "vehicles"."id" = ? LIMIT ?[0m  [["id", 6], ["LIMIT", 1]]
  ↳ app/controllers/vehicles_controller.rb:36
  Rendering vehicles/show.html.erb within layouts/application
  Rendered vehicles/show.html.erb within layouts/application (5.6ms)
Completed 200 OK in 379ms (Views: 358.6ms | ActiveRecord: 6.9ms)


Started GET "/vehicles/6/edit" for ::1 at 2020-02-25 12:14:51 -0500
Processing by VehiclesController#edit as HTML
  Parameters: {"id"=>"6"}
  [1m[36mVehicle Load (0.8ms)[0m  [1m[34mSELECT  "vehicles".* FROM "vehicles" WHERE "vehicles"."id" = ? LIMIT ?[0m  [["id", 6], ["LIMIT", 1]]
  ↳ app/controllers/vehicles_controller.rb:36
  Rendering vehicles/edit.html.erb within layouts/application
  Rendered vehicles/_form.html.erb (56.3ms)
  Rendered vehicles/edit.html.erb within layouts/application (82.6ms)
Completed 200 OK in 437ms (Views: 414.7ms | ActiveRecord: 0.8ms)


Started PATCH "/vehicles/6" for ::1 at 2020-02-25 12:14:59 -0500
Processing by VehiclesController#update as HTML
  Parameters: {"utf8"=>"✓", "authenticity_token"=>"Ac7bjWknuD7ca94o+szC8f0xJAHJveTdtjI5DrHLw7dwNDXH94Jv7GVkFIP+/sZUJgwBqYr45K6HnZSceT0XAg==", "vehicle"=>{"make"=>"Honda", "model"=>"Yaris", "color"=>"azul"}, "commit"=>"Update Vehicle", "id"=>"6"}
  [1m[36mVehicle Load (1.1ms)[0m  [1m[34mSELECT  "vehicles".* FROM "vehicles" WHERE "vehicles"."id" = ? LIMIT ?[0m  [["id", 6], ["LIMIT", 1]]
  ↳ app/controllers/vehicles_controller.rb:36
  [1m[35m (0.4ms)[0m  [1m[36mbegin transaction[0m
  ↳ app/controllers/vehicles_controller.rb:25
  [1m[36mVehicle Update (1.2ms)[0m  [1m[33mUPDATE "vehicles" SET "color" = ?, "updated_at" = ? WHERE "vehicles"."id" = ?[0m  [["color", "azul"], ["updated_at", "2020-02-25 17:14:59.743980"], ["id", 6]]
  ↳ app/controllers/vehicles_controller.rb:25
  [1m[35m (2.7ms)[0m  [1m[36mcommit transaction[0m
  ↳ app/controllers/vehicles_controller.rb:25
Redirected to http://localhost:3000/vehicles/6
Completed 302 Found in 91ms (ActiveRecord: 5.4ms)


Started GET "/vehicles/6" for ::1 at 2020-02-25 12:14:59 -0500
Processing by VehiclesController#show as HTML
  Parameters: {"id"=>"6"}
  [1m[36mVehicle Load (5.8ms)[0m  [1m[34mSELECT  "vehicles".* FROM "vehicles" WHERE "vehicles"."id" = ? LIMIT ?[0m  [["id", 6], ["LIMIT", 1]]
  ↳ app/controllers/vehicles_controller.rb:36
  Rendering vehicles/show.html.erb within layouts/application
  Rendered vehicles/show.html.erb within layouts/application (10.6ms)
Completed 200 OK in 434ms (Views: 389.0ms | ActiveRecord: 5.8ms)


Started GET "/vehicles/6/edit" for ::1 at 2020-02-25 12:15:04 -0500
Processing by VehiclesController#edit as HTML
  Parameters: {"id"=>"6"}
  [1m[36mVehicle Load (0.8ms)[0m  [1m[34mSELECT  "vehicles".* FROM "vehicles" WHERE "vehicles"."id" = ? LIMIT ?[0m  [["id", 6], ["LIMIT", 1]]
  ↳ app/controllers/vehicles_controller.rb:36
  Rendering vehicles/edit.html.erb within layouts/application
  Rendered vehicles/_form.html.erb (50.2ms)
  Rendered vehicles/edit.html.erb within layouts/application (87.3ms)
Completed 200 OK in 521ms (Views: 493.6ms | ActiveRecord: 0.8ms)


Started GET "/vehicles/6/edit" for ::1 at 2020-02-25 12:15:31 -0500
Processing by VehiclesController#edit as HTML
  Parameters: {"id"=>"6"}
  [1m[36mVehicle Load (0.9ms)[0m  [1m[34mSELECT  "vehicles".* FROM "vehicles" WHERE "vehicles"."id" = ? LIMIT ?[0m  [["id", 6], ["LIMIT", 1]]
  ↳ app/controllers/vehicles_controller.rb:36
  Rendering vehicles/edit.html.erb within layouts/application
  Rendered vehicles/_form.html.erb (52.1ms)
  Rendered vehicles/edit.html.erb within layouts/application (88.1ms)
Completed 200 OK in 541ms (Views: 515.1ms | ActiveRecord: 0.9ms)


Started GET "/vehicles/6/edit" for ::1 at 2020-02-25 12:16:06 -0500
Processing by VehiclesController#edit as HTML
  Parameters: {"id"=>"6"}
  [1m[36mVehicle Load (1.2ms)[0m  [1m[34mSELECT  "vehicles".* FROM "vehicles" WHERE "vehicles"."id" = ? LIMIT ?[0m  [["id", 6], ["LIMIT", 1]]
  ↳ app/controllers/vehicles_controller.rb:36
  Rendering vehicles/edit.html.erb within layouts/application
  Rendered vehicles/_form.html.erb (54.9ms)
  Rendered vehicles/edit.html.erb within layouts/application (101.4ms)
Completed 200 OK in 513ms (Views: 480.5ms | ActiveRecord: 1.2ms)


Started PATCH "/vehicles/6" for ::1 at 2020-02-25 12:16:09 -0500
Processing by VehiclesController#update as HTML
  Parameters: {"utf8"=>"✓", "authenticity_token"=>"qxXSGkGC8uR7MCQjzXsrIAN6nFTbYnYOpFehe0KRHSQOpi/uM9+5eLfHvqbJrbl5S53JeI957QJ0hazVMhZfHg==", "vehicle"=>{"make"=>"Honda", "model"=>"Yaris", "color"=>"Carbon Black"}, "commit"=>"Update Vehicle", "id"=>"6"}
  [1m[36mVehicle Load (1.2ms)[0m  [1m[34mSELECT  "vehicles".* FROM "vehicles" WHERE "vehicles"."id" = ? LIMIT ?[0m  [["id", 6], ["LIMIT", 1]]
  ↳ app/controllers/vehicles_controller.rb:36
  [1m[35m (0.5ms)[0m  [1m[36mbegin transaction[0m
  ↳ app/controllers/vehicles_controller.rb:25
  [1m[36mVehicle Update (1.4ms)[0m  [1m[33mUPDATE "vehicles" SET "color" = ?, "updated_at" = ? WHERE "vehicles"."id" = ?[0m  [["color", "Carbon Black"], ["updated_at", "2020-02-25 17:16:09.977725"], ["id", 6]]
  ↳ app/controllers/vehicles_controller.rb:25
  [1m[35m (2.9ms)[0m  [1m[36mcommit transaction[0m
  ↳ app/controllers/vehicles_controller.rb:25
Redirected to http://localhost:3000/vehicles/6
Completed 302 Found in 93ms (ActiveRecord: 5.9ms)


Started GET "/vehicles/6" for ::1 at 2020-02-25 12:16:10 -0500
Processing by VehiclesController#show as HTML
  Parameters: {"id"=>"6"}
  [1m[36mVehicle Load (1.1ms)[0m  [1m[34mSELECT  "vehicles".* FROM "vehicles" WHERE "vehicles"."id" = ? LIMIT ?[0m  [["id", 6], ["LIMIT", 1]]
  ↳ app/controllers/vehicles_controller.rb:36
  Rendering vehicles/show.html.erb within layouts/application
  Rendered vehicles/show.html.erb within layouts/application (11.2ms)
Completed 200 OK in 451ms (Views: 409.0ms | ActiveRecord: 1.1ms)


Started GET "/vehicles/6/edit" for ::1 at 2020-02-25 12:16:13 -0500
Processing by VehiclesController#edit as HTML
  Parameters: {"id"=>"6"}
  [1m[36mVehicle Load (0.9ms)[0m  [1m[34mSELECT  "vehicles".* FROM "vehicles" WHERE "vehicles"."id" = ? LIMIT ?[0m  [["id", 6], ["LIMIT", 1]]
  ↳ app/controllers/vehicles_controller.rb:36
  Rendering vehicles/edit.html.erb within layouts/application
  Rendered vehicles/_form.html.erb (60.7ms)
  Rendered vehicles/edit.html.erb within layouts/application (86.1ms)
Completed 200 OK in 506ms (Views: 477.0ms | ActiveRecord: 0.9ms)


Started PATCH "/vehicles/6" for ::1 at 2020-02-25 12:16:16 -0500
Processing by VehiclesController#update as HTML
  Parameters: {"utf8"=>"✓", "authenticity_token"=>"pXSG/LURkzj31TmBJIKzBtNfS0QOPPySCbG5qbtviC3Ujmi2K7RE6k7a8yogsLejCGJu7E15/OE4HhQ7c5lcmA==", "vehicle"=>{"make"=>"Honda", "model"=>"Yaris", "color"=>"Red"}, "commit"=>"Update Vehicle", "id"=>"6"}
  [1m[36mVehicle Load (0.9ms)[0m  [1m[34mSELECT  "vehicles".* FROM "vehicles" WHERE "vehicles"."id" = ? LIMIT ?[0m  [["id", 6], ["LIMIT", 1]]
  ↳ app/controllers/vehicles_controller.rb:36
  [1m[35m (0.5ms)[0m  [1m[36mbegin transaction[0m
  ↳ app/controllers/vehicles_controller.rb:25
  [1m[36mVehicle Update (1.1ms)[0m  [1m[33mUPDATE "vehicles" SET "color" = ?, "updated_at" = ? WHERE "vehicles"."id" = ?[0m  [["color", "Red"], ["updated_at", "2020-02-25 17:16:16.336361"], ["id", 6]]
  ↳ app/controllers/vehicles_controller.rb:25
  [1m[35m (3.3ms)[0m  [1m[36mcommit transaction[0m
  ↳ app/controllers/vehicles_controller.rb:25
Redirected to http://localhost:3000/vehicles/6
Completed 302 Found in 115ms (ActiveRecord: 5.8ms)


Started GET "/vehicles/6" for ::1 at 2020-02-25 12:16:16 -0500
Processing by VehiclesController#show as HTML
  Parameters: {"id"=>"6"}
  [1m[36mVehicle Load (1.7ms)[0m  [1m[34mSELECT  "vehicles".* FROM "vehicles" WHERE "vehicles"."id" = ? LIMIT ?[0m  [["id", 6], ["LIMIT", 1]]
  ↳ app/controllers/vehicles_controller.rb:36
  Rendering vehicles/show.html.erb within layouts/application
  Rendered vehicles/show.html.erb within layouts/application (11.9ms)
Completed 200 OK in 425ms (Views: 397.0ms | ActiveRecord: 1.7ms)


Started GET "/vehicles/6/edit" for ::1 at 2020-02-25 12:16:17 -0500
Processing by VehiclesController#edit as HTML
  Parameters: {"id"=>"6"}
  [1m[36mVehicle Load (0.8ms)[0m  [1m[34mSELECT  "vehicles".* FROM "vehicles" WHERE "vehicles"."id" = ? LIMIT ?[0m  [["id", 6], ["LIMIT", 1]]
  ↳ app/controllers/vehicles_controller.rb:36
  Rendering vehicles/edit.html.erb within layouts/application
  Rendered vehicles/_form.html.erb (63.2ms)
  Rendered vehicles/edit.html.erb within layouts/application (109.5ms)
Completed 200 OK in 679ms (Views: 656.4ms | ActiveRecord: 0.8ms)


Started PATCH "/vehicles/6" for ::1 at 2020-02-25 12:16:20 -0500
Processing by VehiclesController#update as HTML
  Parameters: {"utf8"=>"✓", "authenticity_token"=>"1u4jAQF5vfBfnsWdZ8ygreARItx6F5fgzOA/QM1Eu/6nFM1Ln9xqIuaRDzZj/qQIOywHdDlSl5P9T5LSBbJvSw==", "vehicle"=>{"make"=>"Honda", "model"=>"Yaris", "color"=>"Blue"}, "commit"=>"Update Vehicle", "id"=>"6"}
  [1m[36mVehicle Load (2.8ms)[0m  [1m[34mSELECT  "vehicles".* FROM "vehicles" WHERE "vehicles"."id" = ? LIMIT ?[0m  [["id", 6], ["LIMIT", 1]]
  ↳ app/controllers/vehicles_controller.rb:36
  [1m[35m (0.4ms)[0m  [1m[36mbegin transaction[0m
  ↳ app/controllers/vehicles_controller.rb:25
  [1m[36mVehicle Update (1.8ms)[0m  [1m[33mUPDATE "vehicles" SET "color" = ?, "updated_at" = ? WHERE "vehicles"."id" = ?[0m  [["color", "Blue"], ["updated_at", "2020-02-25 17:16:20.840709"], ["id", 6]]
  ↳ app/controllers/vehicles_controller.rb:25
  [1m[35m (4.0ms)[0m  [1m[36mcommit transaction[0m
  ↳ app/controllers/vehicles_controller.rb:25
Redirected to http://localhost:3000/vehicles/6
Completed 302 Found in 130ms (ActiveRecord: 9.1ms)


Started GET "/vehicles/6" for ::1 at 2020-02-25 12:16:20 -0500
Processing by VehiclesController#show as HTML
  Parameters: {"id"=>"6"}
  [1m[36mVehicle Load (0.9ms)[0m  [1m[34mSELECT  "vehicles".* FROM "vehicles" WHERE "vehicles"."id" = ? LIMIT ?[0m  [["id", 6], ["LIMIT", 1]]
  ↳ app/controllers/vehicles_controller.rb:36
  Rendering vehicles/show.html.erb within layouts/application
  Rendered vehicles/show.html.erb within layouts/application (4.1ms)
Completed 200 OK in 418ms (Views: 386.8ms | ActiveRecord: 0.9ms)


Started GET "/vehicles/6" for ::1 at 2020-02-25 12:16:56 -0500
Processing by VehiclesController#show as HTML
  Parameters: {"id"=>"6"}
  [1m[36mVehicle Load (0.9ms)[0m  [1m[34mSELECT  "vehicles".* FROM "vehicles" WHERE "vehicles"."id" = ? LIMIT ?[0m  [["id", 6], ["LIMIT", 1]]
  ↳ app/controllers/vehicles_controller.rb:36
  Rendering vehicles/show.html.erb within layouts/application
  Rendered vehicles/show.html.erb within layouts/application (5.9ms)
Completed 200 OK in 400ms (Views: 368.6ms | ActiveRecord: 0.9ms)


Started GET "/vehicles/6/edit" for ::1 at 2020-02-25 12:17:01 -0500
Processing by VehiclesController#edit as HTML
  Parameters: {"id"=>"6"}
  [1m[36mVehicle Load (7.0ms)[0m  [1m[34mSELECT  "vehicles".* FROM "vehicles" WHERE "vehicles"."id" = ? LIMIT ?[0m  [["id", 6], ["LIMIT", 1]]
  ↳ app/controllers/vehicles_controller.rb:36
  Rendering vehicles/edit.html.erb within layouts/application
  Rendered vehicles/_form.html.erb (44.1ms)
  Rendered vehicles/edit.html.erb within layouts/application (59.8ms)
Completed 500 Internal Server Error in 97ms (ActiveRecord: 7.0ms)


  
ActionView::Template::Error (wrong number of arguments (given 1, expected 4..6)):
    10:         </li>
    11:         <li>
    12:             <%= f.label :color %>
    13:             <%= f.collection_select :color %>
    14:             <%# f.text_field :color %>
    15: <!--             <select name="vehicle[color]">
    16:                 <option value="Red">🔴</option>
  
app/views/vehicles/_form.html.erb:13:in `block in _app_views_vehicles__form_html_erb___379965894027648120_70231894022600'
app/views/vehicles/_form.html.erb:1:in `_app_views_vehicles__form_html_erb___379965894027648120_70231894022600'
app/views/vehicles/edit.html.erb:8:in `_app_views_vehicles_edit_html_erb___3386814128928326966_70231899009700'
Started GET "/vehicles/6/edit" for ::1 at 2020-02-25 12:18:04 -0500
Processing by VehiclesController#edit as HTML
  Parameters: {"id"=>"6"}
  [1m[36mVehicle Load (0.8ms)[0m  [1m[34mSELECT  "vehicles".* FROM "vehicles" WHERE "vehicles"."id" = ? LIMIT ?[0m  [["id", 6], ["LIMIT", 1]]
  ↳ app/controllers/vehicles_controller.rb:36
  Rendering vehicles/edit.html.erb within layouts/application
  Rendered vehicles/_form.html.erb (50.1ms)
  Rendered vehicles/edit.html.erb within layouts/application (59.6ms)
Completed 500 Internal Server Error in 121ms (ActiveRecord: 0.8ms)


  
ActionView::Template::Error (wrong number of arguments (given 2, expected 4..6)):
    10:         </li>
    11:         <li>
    12:             <%= f.label :color %>
    13:             <%= f.collection_select :color, [ "Red", "Blue", "Carbon Black"] %>
    14:             <%# f.text_field :color %>
    15: <!--             <select name="vehicle[color]">
    16:                 <option value="Red">🔴</option>
  
app/views/vehicles/_form.html.erb:13:in `block in _app_views_vehicles__form_html_erb___379965894027648120_70231895810340'
app/views/vehicles/_form.html.erb:1:in `_app_views_vehicles__form_html_erb___379965894027648120_70231895810340'
app/views/vehicles/edit.html.erb:8:in `_app_views_vehicles_edit_html_erb___3386814128928326966_70231897277540'
Started GET "/vehicles/6/edit" for ::1 at 2020-02-25 12:18:28 -0500
Processing by VehiclesController#edit as HTML
  Parameters: {"id"=>"6"}
  [1m[36mVehicle Load (0.8ms)[0m  [1m[34mSELECT  "vehicles".* FROM "vehicles" WHERE "vehicles"."id" = ? LIMIT ?[0m  [["id", 6], ["LIMIT", 1]]
  ↳ app/controllers/vehicles_controller.rb:36
  Rendering vehicles/edit.html.erb within layouts/application
  Rendered vehicles/_form.html.erb (234.3ms)
  Rendered vehicles/edit.html.erb within layouts/application (270.3ms)
Completed 200 OK in 735ms (Views: 702.2ms | ActiveRecord: 0.8ms)


Started PATCH "/vehicles/6" for ::1 at 2020-02-25 12:19:25 -0500
Processing by VehiclesController#update as HTML
  Parameters: {"utf8"=>"✓", "authenticity_token"=>"ZJohapEgcaor/fQ/f9eXxc/OoZ06GiTJA8rZhywwNynBKdye4306NucKbrp7AQWchyn0sW4Bv8XTGNQpXLd1Ew==", "vehicle"=>{"make"=>"Honda", "model"=>"Yaris", "color"=>"RED"}, "commit"=>"Update Vehicle", "id"=>"6"}
  [1m[36mVehicle Load (1.5ms)[0m  [1m[34mSELECT  "vehicles".* FROM "vehicles" WHERE "vehicles"."id" = ? LIMIT ?[0m  [["id", 6], ["LIMIT", 1]]
  ↳ app/controllers/vehicles_controller.rb:36
  [1m[35m (0.5ms)[0m  [1m[36mbegin transaction[0m
  ↳ app/controllers/vehicles_controller.rb:25
  [1m[36mVehicle Update (1.3ms)[0m  [1m[33mUPDATE "vehicles" SET "color" = ?, "updated_at" = ? WHERE "vehicles"."id" = ?[0m  [["color", "RED"], ["updated_at", "2020-02-25 17:19:25.515596"], ["id", 6]]
  ↳ app/controllers/vehicles_controller.rb:25
  [1m[35m (11.4ms)[0m  [1m[36mcommit transaction[0m
  ↳ app/controllers/vehicles_controller.rb:25
Redirected to http://localhost:3000/vehicles/6
Completed 302 Found in 101ms (ActiveRecord: 14.7ms)


Started GET "/vehicles/6" for ::1 at 2020-02-25 12:19:25 -0500
Processing by VehiclesController#show as HTML
  Parameters: {"id"=>"6"}
  [1m[36mVehicle Load (0.9ms)[0m  [1m[34mSELECT  "vehicles".* FROM "vehicles" WHERE "vehicles"."id" = ? LIMIT ?[0m  [["id", 6], ["LIMIT", 1]]
  ↳ app/controllers/vehicles_controller.rb:36
  Rendering vehicles/show.html.erb within layouts/application
  Rendered vehicles/show.html.erb within layouts/application (5.5ms)
Completed 200 OK in 542ms (Views: 469.1ms | ActiveRecord: 0.9ms)


Started GET "/vehicles/6/edit" for ::1 at 2020-02-25 12:19:29 -0500
Processing by VehiclesController#edit as HTML
  Parameters: {"id"=>"6"}
  [1m[36mVehicle Load (7.9ms)[0m  [1m[34mSELECT  "vehicles".* FROM "vehicles" WHERE "vehicles"."id" = ? LIMIT ?[0m  [["id", 6], ["LIMIT", 1]]
  ↳ app/controllers/vehicles_controller.rb:36
  Rendering vehicles/edit.html.erb within layouts/application
  Rendered vehicles/_form.html.erb (70.5ms)
  Rendered vehicles/edit.html.erb within layouts/application (107.2ms)
Completed 200 OK in 557ms (Views: 536.0ms | ActiveRecord: 7.9ms)


Started GET "/vehicles/6/edit" for ::1 at 2020-02-25 12:19:36 -0500
Processing by VehiclesController#edit as HTML
  Parameters: {"id"=>"6"}
  [1m[36mVehicle Load (0.8ms)[0m  [1m[34mSELECT  "vehicles".* FROM "vehicles" WHERE "vehicles"."id" = ? LIMIT ?[0m  [["id", 6], ["LIMIT", 1]]
  ↳ app/controllers/vehicles_controller.rb:36
  Rendering vehicles/edit.html.erb within layouts/application
  Rendered vehicles/_form.html.erb (70.4ms)
  Rendered vehicles/edit.html.erb within layouts/application (105.2ms)
Completed 200 OK in 626ms (Views: 582.3ms | ActiveRecord: 0.8ms)


Started PATCH "/vehicles/6" for ::1 at 2020-02-25 12:19:44 -0500
Processing by VehiclesController#update as HTML
  Parameters: {"utf8"=>"✓", "authenticity_token"=>"luQAaVnSL6nsFpZ008Hv7uEhCLd5QBN9I0ZdzCRGu7czV/2dK49kNSDhDPHXF323qcZdmy1biHHzlFBiVMH5jQ==", "vehicle"=>{"make"=>"Honda", "model"=>"Yaris", "color"=>"carbon black"}, "commit"=>"Update Vehicle", "id"=>"6"}
  [1m[36mVehicle Load (1.1ms)[0m  [1m[34mSELECT  "vehicles".* FROM "vehicles" WHERE "vehicles"."id" = ? LIMIT ?[0m  [["id", 6], ["LIMIT", 1]]
  ↳ app/controllers/vehicles_controller.rb:36
  [1m[35m (0.6ms)[0m  [1m[36mbegin transaction[0m
  ↳ app/controllers/vehicles_controller.rb:25
  [1m[36mVehicle Update (2.1ms)[0m  [1m[33mUPDATE "vehicles" SET "color" = ?, "updated_at" = ? WHERE "vehicles"."id" = ?[0m  [["color", "carbon black"], ["updated_at", "2020-02-25 17:19:44.894825"], ["id", 6]]
  ↳ app/controllers/vehicles_controller.rb:25
  [1m[35m (3.1ms)[0m  [1m[36mcommit transaction[0m
  ↳ app/controllers/vehicles_controller.rb:25
Redirected to http://localhost:3000/vehicles/6
Completed 302 Found in 107ms (ActiveRecord: 7.0ms)


Started GET "/vehicles/6" for ::1 at 2020-02-25 12:19:44 -0500
Processing by VehiclesController#show as HTML
  Parameters: {"id"=>"6"}
  [1m[36mVehicle Load (1.0ms)[0m  [1m[34mSELECT  "vehicles".* FROM "vehicles" WHERE "vehicles"."id" = ? LIMIT ?[0m  [["id", 6], ["LIMIT", 1]]
  ↳ app/controllers/vehicles_controller.rb:36
  Rendering vehicles/show.html.erb within layouts/application
  Rendered vehicles/show.html.erb within layouts/application (12.3ms)
Completed 200 OK in 507ms (Views: 458.7ms | ActiveRecord: 1.0ms)


Started GET "/vehicles/6/edit" for ::1 at 2020-02-25 12:20:13 -0500
Processing by VehiclesController#edit as HTML
  Parameters: {"id"=>"6"}
  [1m[36mVehicle Load (0.8ms)[0m  [1m[34mSELECT  "vehicles".* FROM "vehicles" WHERE "vehicles"."id" = ? LIMIT ?[0m  [["id", 6], ["LIMIT", 1]]
  ↳ app/controllers/vehicles_controller.rb:36
  Rendering vehicles/edit.html.erb within layouts/application
  Rendered vehicles/_form.html.erb (62.4ms)
  Rendered vehicles/edit.html.erb within layouts/application (96.7ms)
Completed 200 OK in 599ms (Views: 569.9ms | ActiveRecord: 0.8ms)


Started GET "/vehicles/6/edit" for ::1 at 2020-02-25 12:20:41 -0500
Processing by VehiclesController#edit as HTML
  Parameters: {"id"=>"6"}
  [1m[36mVehicle Load (0.8ms)[0m  [1m[34mSELECT  "vehicles".* FROM "vehicles" WHERE "vehicles"."id" = ? LIMIT ?[0m  [["id", 6], ["LIMIT", 1]]
  ↳ app/controllers/vehicles_controller.rb:36
  Rendering vehicles/edit.html.erb within layouts/application
  Rendered vehicles/_form.html.erb (65.2ms)
  Rendered vehicles/edit.html.erb within layouts/application (107.0ms)
Completed 200 OK in 508ms (Views: 479.3ms | ActiveRecord: 0.8ms)


Started GET "/vehicles/6/edit" for ::1 at 2020-02-25 12:21:48 -0500
Processing by VehiclesController#edit as HTML
  Parameters: {"id"=>"6"}
  [1m[36mVehicle Load (0.8ms)[0m  [1m[34mSELECT  "vehicles".* FROM "vehicles" WHERE "vehicles"."id" = ? LIMIT ?[0m  [["id", 6], ["LIMIT", 1]]
  ↳ app/controllers/vehicles_controller.rb:36
  Rendering vehicles/edit.html.erb within layouts/application
  Rendered vehicles/_form.html.erb (422.8ms)
  Rendered vehicles/edit.html.erb within layouts/application (440.6ms)
Completed 500 Internal Server Error in 499ms (ActiveRecord: 0.8ms)


  
ActionView::Template::Error (undefined method `id' for "Red":String):
    11:         <li>
    12:             <%= f.label :color %>
    13:             <%= f.text_field :color %>
    14:             <%= f.collection_select :color, [ "Red", "Blue", "Carbon Black"], :id, :length %>
    15:             <%# f.text_field :color %>
    16: <!--             <select name="vehicle[color]">
    17:                 <option value="Red">🔴</option>
  
app/views/vehicles/_form.html.erb:14:in `block in _app_views_vehicles__form_html_erb___379965894027648120_70231894434900'
app/views/vehicles/_form.html.erb:1:in `_app_views_vehicles__form_html_erb___379965894027648120_70231894434900'
app/views/vehicles/edit.html.erb:8:in `_app_views_vehicles_edit_html_erb___3386814128928326966_70231898729580'
Started GET "/vehicles/6/edit" for ::1 at 2020-02-25 12:22:01 -0500
Processing by VehiclesController#edit as HTML
  Parameters: {"id"=>"6"}
  [1m[36mVehicle Load (1.0ms)[0m  [1m[34mSELECT  "vehicles".* FROM "vehicles" WHERE "vehicles"."id" = ? LIMIT ?[0m  [["id", 6], ["LIMIT", 1]]
  ↳ app/controllers/vehicles_controller.rb:36
  Rendering vehicles/edit.html.erb within layouts/application
  Rendered vehicles/_form.html.erb (55.8ms)
  Rendered vehicles/edit.html.erb within layouts/application (90.7ms)
Completed 200 OK in 516ms (Views: 482.6ms | ActiveRecord: 1.0ms)


Started PATCH "/vehicles/6" for ::1 at 2020-02-25 12:22:11 -0500
Processing by VehiclesController#update as HTML
  Parameters: {"utf8"=>"✓", "authenticity_token"=>"tgJu99xbDp330YCVh8mGHFq18DppDYteCUdLEUvB1IETsZMDrgZFATsmGhCDHxRFElKlFj0WEFLZlUa/O0aWuw==", "vehicle"=>{"make"=>"Honda", "model"=>"Yaris", "color"=>"BLUE"}, "commit"=>"Update Vehicle", "id"=>"6"}
  [1m[36mVehicle Load (0.8ms)[0m  [1m[34mSELECT  "vehicles".* FROM "vehicles" WHERE "vehicles"."id" = ? LIMIT ?[0m  [["id", 6], ["LIMIT", 1]]
  ↳ app/controllers/vehicles_controller.rb:36
  [1m[35m (0.4ms)[0m  [1m[36mbegin transaction[0m
  ↳ app/controllers/vehicles_controller.rb:25
  [1m[36mVehicle Update (7.4ms)[0m  [1m[33mUPDATE "vehicles" SET "color" = ?, "updated_at" = ? WHERE "vehicles"."id" = ?[0m  [["color", "BLUE"], ["updated_at", "2020-02-25 17:22:11.996458"], ["id", 6]]
  ↳ app/controllers/vehicles_controller.rb:25
  [1m[35m (1.6ms)[0m  [1m[36mcommit transaction[0m
  ↳ app/controllers/vehicles_controller.rb:25
Redirected to http://localhost:3000/vehicles/6
Completed 302 Found in 85ms (ActiveRecord: 10.3ms)


Started GET "/vehicles/6" for ::1 at 2020-02-25 12:22:12 -0500
Processing by VehiclesController#show as HTML
  Parameters: {"id"=>"6"}
  [1m[36mVehicle Load (10.1ms)[0m  [1m[34mSELECT  "vehicles".* FROM "vehicles" WHERE "vehicles"."id" = ? LIMIT ?[0m  [["id", 6], ["LIMIT", 1]]
  ↳ app/controllers/vehicles_controller.rb:36
  Rendering vehicles/show.html.erb within layouts/application
  Rendered vehicles/show.html.erb within layouts/application (3.9ms)
Completed 200 OK in 461ms (Views: 434.5ms | ActiveRecord: 10.1ms)


Started GET "/vehicles/6/edit" for ::1 at 2020-02-25 12:22:17 -0500
Processing by VehiclesController#edit as HTML
  Parameters: {"id"=>"6"}
  [1m[36mVehicle Load (1.4ms)[0m  [1m[34mSELECT  "vehicles".* FROM "vehicles" WHERE "vehicles"."id" = ? LIMIT ?[0m  [["id", 6], ["LIMIT", 1]]
Started GET "/vehicles/6/edit" for ::1 at 2020-02-25 12:22:18 -0500
  ↳ app/controllers/vehicles_controller.rb:36
Processing by VehiclesController#edit as HTML
  Parameters: {"id"=>"6"}
  [1m[36mVehicle Load (1.9ms)[0m  [1m[34mSELECT  "vehicles".* FROM "vehicles" WHERE "vehicles"."id" = ? LIMIT ?[0m  [["id", 6], ["LIMIT", 1]]
  Rendering vehicles/edit.html.erb within layouts/application
  ↳ app/controllers/vehicles_controller.rb:36
  Rendered vehicles/_form.html.erb (79.2ms)
  Rendered vehicles/edit.html.erb within layouts/application (130.6ms)
  Rendering vehicles/edit.html.erb within layouts/application
  Rendered vehicles/_form.html.erb (76.4ms)
  Rendered vehicles/edit.html.erb within layouts/application (121.0ms)
Completed 200 OK in 1308ms (Views: 1196.1ms | ActiveRecord: 1.4ms)


Completed 200 OK in 1289ms (Views: 1236.2ms | ActiveRecord: 1.9ms)


Started PATCH "/vehicles/6" for ::1 at 2020-02-25 12:22:25 -0500
Processing by VehiclesController#update as HTML
  Parameters: {"utf8"=>"✓", "authenticity_token"=>"rZeNAJYu1anv14ldpmwuwhl7qaPZ/5EyGA2dD0Sq06vcbWNKCIsCe1bYQ/aiXipnwkaMC5q6kUEpojCdjFwHHg==", "vehicle"=>{"make"=>"Honda", "model"=>"Yaris", "color"=>"Yellow"}, "commit"=>"Update Vehicle", "id"=>"6"}
  [1m[36mVehicle Load (1.0ms)[0m  [1m[34mSELECT  "vehicles".* FROM "vehicles" WHERE "vehicles"."id" = ? LIMIT ?[0m  [["id", 6], ["LIMIT", 1]]
  ↳ app/controllers/vehicles_controller.rb:36
  [1m[35m (0.4ms)[0m  [1m[36mbegin transaction[0m
  ↳ app/controllers/vehicles_controller.rb:25
  [1m[36mVehicle Update (1.2ms)[0m  [1m[33mUPDATE "vehicles" SET "color" = ?, "updated_at" = ? WHERE "vehicles"."id" = ?[0m  [["color", "Yellow"], ["updated_at", "2020-02-25 17:22:25.523691"], ["id", 6]]
  ↳ app/controllers/vehicles_controller.rb:25
  [1m[35m (2.9ms)[0m  [1m[36mcommit transaction[0m
  ↳ app/controllers/vehicles_controller.rb:25
Redirected to http://localhost:3000/vehicles/6
Completed 302 Found in 106ms (ActiveRecord: 5.5ms)


Started GET "/vehicles/6" for ::1 at 2020-02-25 12:22:25 -0500
Processing by VehiclesController#show as HTML
  Parameters: {"id"=>"6"}
  [1m[36mVehicle Load (0.8ms)[0m  [1m[34mSELECT  "vehicles".* FROM "vehicles" WHERE "vehicles"."id" = ? LIMIT ?[0m  [["id", 6], ["LIMIT", 1]]
  ↳ app/controllers/vehicles_controller.rb:36
  Rendering vehicles/show.html.erb within layouts/application
  Rendered vehicles/show.html.erb within layouts/application (12.0ms)
Completed 200 OK in 410ms (Views: 369.5ms | ActiveRecord: 0.8ms)


Started GET "/vehicles/6/edit" for ::1 at 2020-02-25 12:22:33 -0500
Processing by VehiclesController#edit as HTML
  Parameters: {"id"=>"6"}
  [1m[36mVehicle Load (0.8ms)[0m  [1m[34mSELECT  "vehicles".* FROM "vehicles" WHERE "vehicles"."id" = ? LIMIT ?[0m  [["id", 6], ["LIMIT", 1]]
  ↳ app/controllers/vehicles_controller.rb:36
  Rendering vehicles/edit.html.erb within layouts/application
  Rendered vehicles/_form.html.erb (69.5ms)
  Rendered vehicles/edit.html.erb within layouts/application (94.7ms)
Completed 200 OK in 488ms (Views: 448.6ms | ActiveRecord: 0.8ms)


Started PATCH "/vehicles/6" for ::1 at 2020-02-25 12:24:00 -0500
Processing by VehiclesController#update as HTML
  Parameters: {"utf8"=>"✓", "authenticity_token"=>"+F5kHTGcFFfeV2qxFX/2splaDEmoEfI31W+Fn1C7xNOJpIpXrznDhWdYoBoRTfIXQmcp4etU8kTkwCgNmE0QZg==", "vehicle"=>{"make"=>"Honda", "model"=>"Yaris", "color"=>"Grean"}, "commit"=>"Update Vehicle", "id"=>"6"}
  [1m[36mVehicle Load (0.8ms)[0m  [1m[34mSELECT  "vehicles".* FROM "vehicles" WHERE "vehicles"."id" = ? LIMIT ?[0m  [["id", 6], ["LIMIT", 1]]
  ↳ app/controllers/vehicles_controller.rb:36
  [1m[35m (0.4ms)[0m  [1m[36mbegin transaction[0m
  ↳ app/controllers/vehicles_controller.rb:25
  [1m[36mVehicle Update (7.8ms)[0m  [1m[33mUPDATE "vehicles" SET "color" = ?, "updated_at" = ? WHERE "vehicles"."id" = ?[0m  [["color", "Grean"], ["updated_at", "2020-02-25 17:24:00.528644"], ["id", 6]]
  ↳ app/controllers/vehicles_controller.rb:25
  [1m[35m (2.1ms)[0m  [1m[36mcommit transaction[0m
  ↳ app/controllers/vehicles_controller.rb:25
Redirected to http://localhost:3000/vehicles/6
Completed 302 Found in 91ms (ActiveRecord: 11.2ms)


Started GET "/vehicles/6" for ::1 at 2020-02-25 12:24:00 -0500
Processing by VehiclesController#show as HTML
  Parameters: {"id"=>"6"}
  [1m[36mVehicle Load (1.5ms)[0m  [1m[34mSELECT  "vehicles".* FROM "vehicles" WHERE "vehicles"."id" = ? LIMIT ?[0m  [["id", 6], ["LIMIT", 1]]
  ↳ app/controllers/vehicles_controller.rb:36
  Rendering vehicles/show.html.erb within layouts/application
  Rendered vehicles/show.html.erb within layouts/application (14.5ms)
Completed 200 OK in 433ms (Views: 387.2ms | ActiveRecord: 1.5ms)


Started GET "/vehicles/new" for ::1 at 2020-02-25 12:25:20 -0500
Processing by VehiclesController#new as HTML
  Rendering vehicles/new.html.erb within layouts/application
  Rendered vehicles/_form.html.erb (136.8ms)
  Rendered vehicles/new.html.erb within layouts/application (142.8ms)
Completed 500 Internal Server Error in 352ms (ActiveRecord: 9.7ms)


  
ActionView::Template::Error (undefined method `map' for nil:NilClass):
    10:         </li>
    11:         <li>
    12:             <%= f.label :color %>
    13:             <%= f.collection_select :color, @colors, :upcase, :downcase %>
    14:             <%# f.text_field :color %>
    15: <!--             <select name="vehicle[color]">
    16:                 <option value="Red">🔴</option>
  
app/views/vehicles/_form.html.erb:13:in `block in _app_views_vehicles__form_html_erb___379965894027648120_70231865912780'
app/views/vehicles/_form.html.erb:1:in `_app_views_vehicles__form_html_erb___379965894027648120_70231865912780'
app/views/vehicles/new.html.erb:5:in `_app_views_vehicles_new_html_erb__1869942042493262295_70231868756560'
Started GET "/vehicles/new" for ::1 at 2020-02-25 12:26:14 -0500
Processing by VehiclesController#new as HTML
  Rendering vehicles/new.html.erb within layouts/application
  Rendered vehicles/_form.html.erb (75.1ms)
  Rendered vehicles/new.html.erb within layouts/application (81.4ms)
Completed 200 OK in 591ms (Views: 455.0ms | ActiveRecord: 5.9ms)


Started GET "/vehicles/1/edit" for ::1 at 2020-02-25 12:26:34 -0500
Processing by VehiclesController#edit as HTML
  Parameters: {"id"=>"1"}
  [1m[36mVehicle Load (9.3ms)[0m  [1m[34mSELECT  "vehicles".* FROM "vehicles" WHERE "vehicles"."id" = ? LIMIT ?[0m  [["id", 1], ["LIMIT", 1]]
  ↳ app/controllers/vehicles_controller.rb:37
  Rendering vehicles/edit.html.erb within layouts/application
  Rendered vehicles/_form.html.erb (121.0ms)
  Rendered vehicles/edit.html.erb within layouts/application (136.4ms)
Completed 500 Internal Server Error in 194ms (ActiveRecord: 9.3ms)


  
ActionView::Template::Error (undefined method `map' for nil:NilClass):
    10:         </li>
    11:         <li>
    12:             <%= f.label :color %>
    13:             <%= f.collection_select :color, @colors, :upcase, :downcase %>
    14:             <%# f.text_field :color %>
    15: <!--             <select name="vehicle[color]">
    16:                 <option value="Red">🔴</option>
  
app/views/vehicles/_form.html.erb:13:in `block in _app_views_vehicles__form_html_erb___379965894027648120_70231869788520'
app/views/vehicles/_form.html.erb:1:in `_app_views_vehicles__form_html_erb___379965894027648120_70231869788520'
app/views/vehicles/edit.html.erb:8:in `_app_views_vehicles_edit_html_erb___3386814128928326966_70231899024700'
Started GET "/vehicles/1/edit" for ::1 at 2020-02-25 12:26:48 -0500
Processing by VehiclesController#edit as HTML
  Parameters: {"id"=>"1"}
  [1m[36mVehicle Load (10.2ms)[0m  [1m[34mSELECT  "vehicles".* FROM "vehicles" WHERE "vehicles"."id" = ? LIMIT ?[0m  [["id", 1], ["LIMIT", 1]]
  ↳ app/controllers/vehicles_controller.rb:38
  Rendering vehicles/edit.html.erb within layouts/application
  Rendered vehicles/_form.html.erb (79.1ms)
  Rendered vehicles/edit.html.erb within layouts/application (118.8ms)
Completed 200 OK in 808ms (Views: 581.9ms | ActiveRecord: 31.1ms)


Started GET "/vehicles/1/edit" for ::1 at 2020-02-25 12:27:06 -0500
Processing by VehiclesController#edit as HTML
  Parameters: {"id"=>"1"}
  [1m[36mVehicle Load (2.2ms)[0m  [1m[34mSELECT  "vehicles".* FROM "vehicles" WHERE "vehicles"."id" = ? LIMIT ?[0m  [["id", 1], ["LIMIT", 1]]
  ↳ app/controllers/vehicles_controller.rb:38
  Rendering vehicles/edit.html.erb within layouts/application
  Rendered vehicles/_form.html.erb (3043.6ms)
  Rendered vehicles/edit.html.erb within layouts/application (3062.4ms)
Completed 500 Internal Server Error in 3373ms (ActiveRecord: 78.5ms)


  
ActionView::Template::Error (undefined local variable or method `colors' for #<#<Class:0x00007fc042d5bc68>:0x00007fc04604a930>):
    10:         </li>
    11:         <li>
    12:             <%= f.label :color %>
    13:             <%= f.collection_select :color, colors, :upcase, :downcase %>
    14:             <%# f.text_field :color %>
    15: <!--             <select name="vehicle[color]">
    16:                 <option value="Red">🔴</option>
  
app/views/vehicles/_form.html.erb:13:in `block in _app_views_vehicles__form_html_erb___379965894027648120_70231893401280'
app/views/vehicles/_form.html.erb:1:in `_app_views_vehicles__form_html_erb___379965894027648120_70231893401280'
app/views/vehicles/edit.html.erb:8:in `_app_views_vehicles_edit_html_erb___3386814128928326966_70231895129640'
Started GET "/vehicles/1/edit" for ::1 at 2020-02-25 12:27:32 -0500
Processing by VehiclesController#edit as HTML
  Parameters: {"id"=>"1"}
  [1m[36mVehicle Load (1.3ms)[0m  [1m[34mSELECT  "vehicles".* FROM "vehicles" WHERE "vehicles"."id" = ? LIMIT ?[0m  [["id", 1], ["LIMIT", 1]]
  ↳ app/controllers/vehicles_controller.rb:37
  Rendering vehicles/edit.html.erb within layouts/application
  Rendered vehicles/_form.html.erb (415.9ms)
  Rendered vehicles/edit.html.erb within layouts/application (430.9ms)
Completed 500 Internal Server Error in 653ms (ActiveRecord: 9.2ms)


  
ActionView::Template::Error (uninitialized class variable @@colors in ActionView::CompiledTemplates):
    10:         </li>
    11:         <li>
    12:             <%= f.label :color %>
    13:             <%= f.collection_select :color, @@colors, :upcase, :downcase %>
    14:             <%# f.text_field :color %>
    15: <!--             <select name="vehicle[color]">
    16:                 <option value="Red">🔴</option>
  
app/views/vehicles/_form.html.erb:13:in `block in _app_views_vehicles__form_html_erb___379965894027648120_70231871355360'
app/views/vehicles/_form.html.erb:1:in `_app_views_vehicles__form_html_erb___379965894027648120_70231871355360'
app/views/vehicles/edit.html.erb:8:in `_app_views_vehicles_edit_html_erb___3386814128928326966_70231893055200'
Started GET "/vehicles/1/edit" for ::1 at 2020-02-25 12:28:18 -0500
Processing by VehiclesController#edit as HTML
  Parameters: {"id"=>"1"}
  [1m[36mVehicle Load (1.0ms)[0m  [1m[34mSELECT  "vehicles".* FROM "vehicles" WHERE "vehicles"."id" = ? LIMIT ?[0m  [["id", 1], ["LIMIT", 1]]
  ↳ app/controllers/vehicles_controller.rb:37
  Rendering vehicles/edit.html.erb within layouts/application
  Rendered vehicles/_form.html.erb (67.6ms)
  Rendered vehicles/edit.html.erb within layouts/application (91.7ms)
Completed 200 OK in 606ms (Views: 441.2ms | ActiveRecord: 6.0ms)


